TN:
SF:src/services/auth.service.ts
FN:38,(anonymous_0)
FN:42,(anonymous_1)
FN:60,(anonymous_2)
FN:93,(anonymous_3)
FN:118,(anonymous_4)
FN:159,(anonymous_5)
FN:192,(anonymous_6)
FN:211,(anonymous_7)
FN:228,(anonymous_8)
FN:241,(anonymous_9)
FN:262,(anonymous_10)
FN:268,(anonymous_11)
FN:276,(anonymous_12)
FN:285,(anonymous_13)
FN:286,(anonymous_14)
FN:303,(anonymous_15)
FNF:16
FNH:13
FNDA:1,(anonymous_0)
FNDA:7,(anonymous_1)
FNDA:1,(anonymous_2)
FNDA:1,(anonymous_3)
FNDA:1,(anonymous_4)
FNDA:1,(anonymous_5)
FNDA:1,(anonymous_6)
FNDA:1,(anonymous_7)
FNDA:1,(anonymous_8)
FNDA:1,(anonymous_9)
FNDA:1,(anonymous_10)
FNDA:30,(anonymous_11)
FNDA:0,(anonymous_12)
FNDA:0,(anonymous_13)
FNDA:0,(anonymous_14)
FNDA:1,(anonymous_15)
DA:28,1
DA:39,7
DA:40,7
DA:41,7
DA:42,7
DA:45,7
DA:46,0
DA:47,0
DA:50,7
DA:52,0
DA:53,0
DA:61,3
DA:62,3
DA:64,3
DA:75,2
DA:81,1
DA:82,1
DA:94,3
DA:95,3
DA:100,2
DA:106,1
DA:107,1
DA:119,2
DA:120,2
DA:123,2
DA:124,2
DA:129,1
DA:130,1
DA:132,1
DA:135,1
DA:136,1
DA:137,0
DA:141,1
DA:143,1
DA:146,0
DA:149,0
DA:151,0
DA:160,3
DA:161,3
DA:164,3
DA:167,3
DA:169,3
DA:176,3
DA:181,0
DA:182,0
DA:193,2
DA:194,2
DA:195,2
DA:200,0
DA:201,0
DA:212,2
DA:213,2
DA:215,2
DA:218,2
DA:220,0
DA:221,0
DA:229,2
DA:230,2
DA:231,2
DA:233,0
DA:234,0
DA:242,2
DA:243,2
DA:245,2
DA:252,2
DA:254,0
DA:255,0
DA:263,5
DA:265,5
DA:268,5
DA:269,30
DA:276,5
DA:277,0
DA:281,5
DA:284,5
DA:285,0
DA:286,0
DA:287,0
DA:288,0
DA:294,5
DA:296,0
DA:304,2
DA:305,2
DA:308,2
DA:311,2
DA:312,2
DA:314,2
DA:315,1
DA:316,1
DA:319,1
DA:320,1
DA:322,0
DA:323,0
LF:93
LH:67
BRDA:45,0,0,0
BRDA:45,0,1,7
BRDA:136,1,0,0
BRDA:136,1,1,1
BRDA:159,2,0,3
BRDA:164,3,0,1
BRDA:164,3,1,2
BRDA:165,4,0,0
BRDA:165,4,1,2
BRDA:269,5,0,30
BRDA:269,5,1,30
BRDA:269,5,2,30
BRDA:269,5,3,30
BRDA:269,5,4,30
BRDA:284,6,0,0
BRDA:284,6,1,5
BRDA:287,7,0,0
BRDA:287,7,1,0
BRDA:287,8,0,0
BRDA:287,8,1,0
BRDA:314,9,0,1
BRDA:314,9,1,1
BRF:22
BRH:14
end_of_record
TN:
SF:src/services/authRetry.service.ts
FN:53,(anonymous_0)
FN:64,(anonymous_1)
FN:74,(anonymous_2)
FN:85,(anonymous_3)
FN:95,(anonymous_4)
FN:104,(anonymous_5)
FN:114,(anonymous_6)
FN:125,(anonymous_7)
FN:135,(anonymous_8)
FN:145,(anonymous_9)
FN:155,(anonymous_10)
FN:168,(anonymous_11)
FN:178,(anonymous_12)
FN:269,(anonymous_13)
FN:285,(anonymous_14)
FN:309,(anonymous_15)
FN:322,(anonymous_16)
FN:336,(anonymous_17)
FN:342,(anonymous_18)
FN:354,(anonymous_19)
FN:355,(anonymous_20)
FNF:21
FNH:0
FNDA:0,(anonymous_0)
FNDA:0,(anonymous_1)
FNDA:0,(anonymous_2)
FNDA:0,(anonymous_3)
FNDA:0,(anonymous_4)
FNDA:0,(anonymous_5)
FNDA:0,(anonymous_6)
FNDA:0,(anonymous_7)
FNDA:0,(anonymous_8)
FNDA:0,(anonymous_9)
FNDA:0,(anonymous_10)
FNDA:0,(anonymous_11)
FNDA:0,(anonymous_12)
FNDA:0,(anonymous_13)
FNDA:0,(anonymous_14)
FNDA:0,(anonymous_15)
FNDA:0,(anonymous_16)
FNDA:0,(anonymous_17)
FNDA:0,(anonymous_18)
FNDA:0,(anonymous_19)
FNDA:0,(anonymous_20)
DA:29,0
DA:48,0
DA:57,0
DA:63,0
DA:64,0
DA:78,0
DA:84,0
DA:85,0
DA:98,0
DA:103,0
DA:104,0
DA:118,0
DA:124,0
DA:125,0
DA:139,0
DA:144,0
DA:145,0
DA:160,0
DA:167,0
DA:168,0
DA:184,0
DA:185,0
DA:186,0
DA:187,0
DA:190,0
DA:191,0
DA:192,0
DA:200,0
DA:201,0
DA:202,0
DA:204,0
DA:207,0
DA:208,0
DA:211,0
DA:219,0
DA:220,0
DA:223,0
DA:233,0
DA:234,0
DA:238,0
DA:239,0
DA:243,0
DA:249,0
DA:250,0
DA:252,0
DA:253,0
DA:258,0
DA:270,0
DA:272,0
DA:275,0
DA:276,0
DA:277,0
DA:278,0
DA:279,0
DA:282,0
DA:286,0
DA:288,0
DA:289,0
DA:295,0
DA:298,0
DA:299,0
DA:302,0
DA:303,0
DA:304,0
DA:305,0
DA:310,0
DA:311,0
DA:312,0
DA:313,0
DA:314,0
DA:315,0
DA:323,0
DA:325,0
DA:326,0
DA:329,0
DA:341,0
DA:342,0
DA:344,0
DA:355,0
LF:79
LH:0
BRDA:55,0,0,0
BRDA:76,1,0,0
BRDA:96,2,0,0
BRDA:116,3,0,0
BRDA:137,4,0,0
BRDA:158,5,0,0
BRDA:190,6,0,0
BRDA:190,6,1,0
BRDA:190,7,0,0
BRDA:190,7,1,0
BRDA:207,8,0,0
BRDA:207,8,1,0
BRDA:233,9,0,0
BRDA:233,9,1,0
BRDA:238,10,0,0
BRDA:238,10,1,0
BRDA:238,11,0,0
BRDA:238,11,1,0
BRDA:260,12,0,0
BRDA:260,12,1,0
BRDA:272,13,0,0
BRDA:272,13,1,0
BRDA:275,14,0,0
BRDA:275,14,1,0
BRDA:275,15,0,0
BRDA:275,15,1,0
BRDA:275,15,2,0
BRDA:288,16,0,0
BRDA:288,16,1,0
BRDA:302,17,0,0
BRDA:302,17,1,0
BRDA:311,18,0,0
BRDA:311,18,1,0
BRF:33
BRH:0
end_of_record
TN:
SF:src/services/authStateRecovery.service.ts
FN:59,(anonymous_0)
FN:98,(anonymous_1)
FN:125,(anonymous_2)
FN:154,(anonymous_3)
FN:155,(anonymous_4)
FN:156,(anonymous_5)
FN:190,(anonymous_6)
FN:232,(anonymous_7)
FN:278,(anonymous_8)
FN:326,(anonymous_9)
FN:360,(anonymous_10)
FN:381,(anonymous_11)
FN:393,(anonymous_12)
FN:418,(anonymous_13)
FN:430,(anonymous_14)
FN:431,(anonymous_15)
FN:432,(anonymous_16)
FN:441,(anonymous_17)
FN:443,(anonymous_18)
FN:451,(anonymous_19)
FN:458,(anonymous_20)
FNF:21
FNH:0
FNDA:0,(anonymous_0)
FNDA:0,(anonymous_1)
FNDA:0,(anonymous_2)
FNDA:0,(anonymous_3)
FNDA:0,(anonymous_4)
FNDA:0,(anonymous_5)
FNDA:0,(anonymous_6)
FNDA:0,(anonymous_7)
FNDA:0,(anonymous_8)
FNDA:0,(anonymous_9)
FNDA:0,(anonymous_10)
FNDA:0,(anonymous_11)
FNDA:0,(anonymous_12)
FNDA:0,(anonymous_13)
FNDA:0,(anonymous_14)
FNDA:0,(anonymous_15)
FNDA:0,(anonymous_16)
FNDA:0,(anonymous_17)
FNDA:0,(anonymous_18)
FNDA:0,(anonymous_19)
FNDA:0,(anonymous_20)
DA:42,0
DA:44,0
DA:52,0
DA:53,0
DA:54,0
DA:60,0
DA:61,0
DA:62,0
DA:64,0
DA:65,0
DA:67,0
DA:68,0
DA:69,0
DA:70,0
DA:71,0
DA:74,0
DA:83,0
DA:84,0
DA:99,0
DA:100,0
DA:102,0
DA:108,0
DA:109,0
DA:112,0
DA:118,0
DA:126,0
DA:129,0
DA:130,0
DA:140,0
DA:141,0
DA:142,0
DA:145,0
DA:146,0
DA:147,0
DA:149,0
DA:150,0
DA:153,0
DA:154,0
DA:155,0
DA:156,0
DA:159,0
DA:160,0
DA:161,0
DA:166,0
DA:167,0
DA:168,0
DA:171,0
DA:172,0
DA:177,0
DA:180,0
DA:181,0
DA:183,0
DA:191,0
DA:192,0
DA:194,0
DA:196,0
DA:197,0
DA:199,0
DA:200,0
DA:201,0
DA:211,0
DA:219,0
DA:233,0
DA:234,0
DA:237,0
DA:239,0
DA:240,0
DA:244,0
DA:246,0
DA:247,0
DA:250,0
DA:252,0
DA:253,0
DA:254,0
DA:263,0
DA:265,0
DA:279,0
DA:280,0
DA:282,0
DA:283,0
DA:284,0
DA:287,0
DA:290,0
DA:291,0
DA:292,0
DA:296,0
DA:297,0
DA:303,0
DA:305,0
DA:313,0
DA:327,0
DA:328,0
DA:330,0
DA:339,0
DA:348,0
DA:362,0
DA:363,0
DA:367,0
DA:368,0
DA:369,0
DA:370,0
DA:374,0
DA:382,0
DA:383,0
DA:384,0
DA:386,0
DA:394,0
DA:395,0
DA:398,0
DA:399,0
DA:400,0
DA:404,0
DA:405,0
DA:406,0
DA:407,0
DA:411,0
DA:412,0
DA:419,0
DA:420,0
DA:421,0
DA:422,0
DA:431,0
DA:432,0
DA:433,0
DA:442,0
DA:444,0
DA:445,0
DA:451,0
DA:452,0
DA:455,0
DA:458,0
DA:459,0
DA:460,0
LF:133
LH:0
BRDA:67,0,0,0
BRDA:67,0,1,0
BRDA:98,1,0,0
BRDA:108,2,0,0
BRDA:108,2,1,0
BRDA:125,3,0,0
BRDA:129,4,0,0
BRDA:129,4,1,0
BRDA:140,5,0,0
BRDA:140,5,1,0
BRDA:166,6,0,0
BRDA:166,6,1,0
BRDA:196,7,0,0
BRDA:196,7,1,0
BRDA:196,8,0,0
BRDA:196,8,1,0
BRDA:199,9,0,0
BRDA:199,9,1,0
BRDA:239,10,0,0
BRDA:239,10,1,0
BRDA:239,11,0,0
BRDA:239,11,1,0
BRDA:246,12,0,0
BRDA:246,12,1,0
BRDA:252,13,0,0
BRDA:252,13,1,0
BRDA:283,14,0,0
BRDA:283,14,1,0
BRDA:291,15,0,0
BRDA:291,15,1,0
BRDA:296,16,0,0
BRDA:296,16,1,0
BRDA:296,17,0,0
BRDA:296,17,1,0
BRDA:327,18,0,0
BRDA:327,18,1,0
BRDA:362,19,0,0
BRDA:362,19,1,0
BRDA:362,20,0,0
BRDA:362,20,1,0
BRDA:367,21,0,0
BRDA:367,21,1,0
BRDA:369,22,0,0
BRDA:369,22,1,0
BRDA:394,23,0,0
BRDA:394,23,1,0
BRDA:399,24,0,0
BRDA:399,24,1,0
BRDA:404,25,0,0
BRDA:404,25,1,0
BRDA:406,26,0,0
BRDA:406,26,1,0
BRDA:444,27,0,0
BRDA:444,27,1,0
BRDA:444,28,0,0
BRDA:444,28,1,0
BRF:56
BRH:0
end_of_record
TN:
SF:src/services/errorHandling.service.ts
FN:59,(anonymous_0)
FN:142,(anonymous_1)
FN:182,(anonymous_2)
FN:217,(anonymous_3)
FN:256,(anonymous_4)
FN:297,(anonymous_5)
FN:303,(anonymous_6)
FN:310,(anonymous_7)
FN:316,(anonymous_8)
FN:322,(anonymous_9)
FN:329,(anonymous_10)
FN:332,(anonymous_11)
FN:339,(anonymous_12)
FN:347,(anonymous_13)
FN:353,(anonymous_14)
FN:375,(anonymous_15)
FN:385,(anonymous_16)
FN:398,(anonymous_17)
FN:411,(anonymous_18)
FN:416,(anonymous_19)
FN:424,(anonymous_20)
FN:434,(anonymous_21)
FN:435,(anonymous_22)
FNF:23
FNH:23
FNDA:1,(anonymous_0)
FNDA:1,(anonymous_1)
FNDA:1,(anonymous_2)
FNDA:1,(anonymous_3)
FNDA:1,(anonymous_4)
FNDA:1,(anonymous_5)
FNDA:1,(anonymous_6)
FNDA:1,(anonymous_7)
FNDA:1,(anonymous_8)
FNDA:1,(anonymous_9)
FNDA:49,(anonymous_10)
FNDA:1,(anonymous_11)
FNDA:1,(anonymous_12)
FNDA:51,(anonymous_13)
FNDA:1,(anonymous_14)
FNDA:1,(anonymous_15)
FNDA:1,(anonymous_16)
FNDA:1,(anonymous_17)
FNDA:1,(anonymous_18)
FNDA:1,(anonymous_19)
FNDA:1,(anonymous_20)
FNDA:1,(anonymous_21)
FNDA:7,(anonymous_22)
DA:41,1
DA:60,71
DA:61,71
DA:64,71
DA:65,13
DA:75,58
DA:76,22
DA:86,36
DA:87,8
DA:97,28
DA:98,9
DA:108,19
DA:109,3
DA:119,16
DA:120,6
DA:130,10
DA:143,33
DA:146,33
DA:147,9
DA:151,24
DA:152,7
DA:156,17
DA:157,5
DA:161,12
DA:162,6
DA:166,6
DA:167,1
DA:171,5
DA:172,2
DA:176,3
DA:186,12
DA:187,12
DA:189,12
DA:198,12
DA:201,12
DA:202,12
DA:204,12
DA:222,8
DA:223,8
DA:225,8
DA:226,15
DA:227,15
DA:229,11
DA:230,11
DA:233,11
DA:234,4
DA:238,7
DA:243,7
DA:244,7
DA:249,4
DA:250,4
DA:261,12
DA:275,12
DA:277,0
DA:278,0
DA:280,2
DA:281,2
DA:283,6
DA:284,6
DA:286,4
DA:287,4
DA:298,71
DA:304,58
DA:311,13
DA:312,8
DA:313,6
DA:317,8
DA:318,7
DA:319,5
DA:323,13
DA:329,49
DA:333,8
DA:334,6
DA:335,5
DA:336,4
DA:340,13
DA:347,51
DA:354,9
DA:368,9
DA:369,65
DA:372,2
DA:376,7
DA:377,1
DA:379,6
DA:380,5
DA:382,1
DA:386,5
DA:387,2
DA:389,3
DA:390,1
DA:392,2
DA:393,1
DA:395,1
DA:399,6
DA:400,1
DA:402,5
DA:403,1
DA:405,4
DA:412,7
DA:413,7
DA:417,7
DA:418,7
DA:425,24
DA:426,8
DA:427,12
DA:428,4
DA:429,0
DA:430,0
DA:435,7
LF:109
LH:105
BRDA:60,0,0,71
BRDA:60,0,1,3
BRDA:61,1,0,71
BRDA:61,1,1,67
BRDA:61,1,2,62
BRDA:64,2,0,13
BRDA:64,2,1,58
BRDA:64,3,0,71
BRDA:64,3,1,69
BRDA:64,3,2,63
BRDA:75,4,0,22
BRDA:75,4,1,36
BRDA:75,5,0,58
BRDA:75,5,1,55
BRDA:75,5,2,36
BRDA:86,6,0,8
BRDA:86,6,1,28
BRDA:86,7,0,36
BRDA:86,7,1,30
BRDA:86,7,2,28
BRDA:92,8,0,8
BRDA:92,8,1,7
BRDA:97,9,0,9
BRDA:97,9,1,19
BRDA:97,10,0,28
BRDA:97,10,1,23
BRDA:97,10,2,21
BRDA:97,10,3,4
BRDA:108,11,0,3
BRDA:108,11,1,16
BRDA:108,12,0,19
BRDA:108,12,1,18
BRDA:108,12,2,16
BRDA:119,13,0,6
BRDA:119,13,1,10
BRDA:119,14,0,16
BRDA:119,14,1,13
BRDA:119,14,2,12
BRDA:143,15,0,33
BRDA:143,15,1,0
BRDA:146,16,0,9
BRDA:146,16,1,24
BRDA:151,17,0,7
BRDA:151,17,1,17
BRDA:156,18,0,5
BRDA:156,18,1,12
BRDA:161,19,0,6
BRDA:161,19,1,6
BRDA:166,20,0,1
BRDA:166,20,1,5
BRDA:171,21,0,2
BRDA:171,21,1,3
BRDA:184,22,0,12
BRDA:201,23,0,12
BRDA:201,23,1,7
BRDA:202,24,0,7
BRDA:202,24,1,5
BRDA:219,25,0,8
BRDA:220,26,0,8
BRDA:233,27,0,4
BRDA:233,27,1,7
BRDA:233,28,0,11
BRDA:233,28,1,10
BRDA:275,29,0,0
BRDA:275,29,1,2
BRDA:275,29,2,6
BRDA:275,29,3,4
BRDA:298,30,0,71
BRDA:298,30,1,71
BRDA:298,30,2,70
BRDA:304,31,0,58
BRDA:304,31,1,57
BRDA:304,31,2,56
BRDA:304,31,3,55
BRDA:311,32,0,5
BRDA:311,32,1,8
BRDA:311,33,0,13
BRDA:311,33,1,10
BRDA:312,34,0,2
BRDA:312,34,1,6
BRDA:312,35,0,8
BRDA:312,35,1,7
BRDA:317,36,0,1
BRDA:317,36,1,7
BRDA:317,37,0,8
BRDA:317,37,1,7
BRDA:318,38,0,2
BRDA:318,38,1,5
BRDA:318,39,0,7
BRDA:318,39,1,5
BRDA:333,40,0,2
BRDA:333,40,1,6
BRDA:333,41,0,8
BRDA:333,41,1,8
BRDA:334,42,0,1
BRDA:334,42,1,5
BRDA:335,43,0,1
BRDA:335,43,1,4
BRDA:335,44,0,5
BRDA:335,44,1,5
BRDA:369,45,0,7
BRDA:369,45,1,58
BRDA:376,46,0,1
BRDA:376,46,1,6
BRDA:379,47,0,5
BRDA:379,47,1,1
BRDA:379,48,0,6
BRDA:379,48,1,5
BRDA:386,49,0,2
BRDA:386,49,1,3
BRDA:386,50,0,5
BRDA:386,50,1,4
BRDA:389,51,0,1
BRDA:389,51,1,2
BRDA:389,52,0,3
BRDA:389,52,1,2
BRDA:392,53,0,1
BRDA:392,53,1,1
BRDA:399,54,0,1
BRDA:399,54,1,5
BRDA:402,55,0,1
BRDA:402,55,1,4
BRDA:425,56,0,8
BRDA:425,56,1,12
BRDA:425,56,2,4
BRDA:425,56,3,0
BRDA:425,56,4,0
BRF:127
BRH:123
end_of_record
TN:
SF:src/services/errorLogging.service.ts
FN:81,(anonymous_0)
FN:87,(anonymous_1)
FN:95,(anonymous_2)
FN:115,(anonymous_3)
FN:133,(anonymous_4)
FN:152,(anonymous_5)
FN:219,(anonymous_6)
FN:239,(anonymous_7)
FN:254,(anonymous_8)
FN:284,(anonymous_9)
FN:297,(anonymous_10)
FN:309,(anonymous_11)
FN:333,(anonymous_12)
FN:346,(anonymous_13)
FN:350,(anonymous_14)
FN:364,(anonymous_15)
FN:383,(anonymous_16)
FN:403,(anonymous_17)
FN:417,(anonymous_18)
FN:424,(anonymous_19)
FN:444,(anonymous_20)
FN:449,(anonymous_21)
FN:457,(anonymous_22)
FN:465,(anonymous_23)
FN:476,(anonymous_24)
FN:498,(anonymous_25)
FN:508,(anonymous_26)
FN:520,(anonymous_27)
FN:525,(anonymous_28)
FN:529,(anonymous_29)
FN:537,(anonymous_30)
FN:544,(anonymous_31)
FNF:32
FNH:0
FNDA:0,(anonymous_0)
FNDA:0,(anonymous_1)
FNDA:0,(anonymous_2)
FNDA:0,(anonymous_3)
FNDA:0,(anonymous_4)
FNDA:0,(anonymous_5)
FNDA:0,(anonymous_6)
FNDA:0,(anonymous_7)
FNDA:0,(anonymous_8)
FNDA:0,(anonymous_9)
FNDA:0,(anonymous_10)
FNDA:0,(anonymous_11)
FNDA:0,(anonymous_12)
FNDA:0,(anonymous_13)
FNDA:0,(anonymous_14)
FNDA:0,(anonymous_15)
FNDA:0,(anonymous_16)
FNDA:0,(anonymous_17)
FNDA:0,(anonymous_18)
FNDA:0,(anonymous_19)
FNDA:0,(anonymous_20)
FNDA:0,(anonymous_21)
FNDA:0,(anonymous_22)
FNDA:0,(anonymous_23)
FNDA:0,(anonymous_24)
FNDA:0,(anonymous_25)
FNDA:0,(anonymous_26)
FNDA:0,(anonymous_27)
FNDA:0,(anonymous_28)
FNDA:0,(anonymous_29)
FNDA:0,(anonymous_30)
FNDA:0,(anonymous_31)
DA:58,0
DA:59,0
DA:60,0
DA:72,0
DA:73,0
DA:74,0
DA:75,0
DA:76,0
DA:82,0
DA:83,0
DA:84,0
DA:87,0
DA:89,0
DA:100,0
DA:121,0
DA:139,0
DA:159,0
DA:160,0
DA:164,0
DA:165,0
DA:168,0
DA:184,0
DA:185,0
DA:189,0
DA:190,0
DA:193,0
DA:194,0
DA:198,0
DA:199,0
DA:203,0
DA:204,0
DA:208,0
DA:211,0
DA:212,0
DA:225,0
DA:233,0
DA:240,0
DA:241,0
DA:243,0
DA:244,0
DA:247,0
DA:248,0
DA:260,0
DA:262,0
DA:263,0
DA:270,0
DA:271,0
DA:274,0
DA:275,0
DA:278,0
DA:285,0
DA:298,0
DA:310,0
DA:311,0
DA:313,0
DA:316,0
DA:317,0
DA:319,0
DA:320,0
DA:322,0
DA:323,0
DA:325,0
DA:326,0
DA:334,0
DA:335,0
DA:336,0
DA:337,0
DA:339,0
DA:347,0
DA:348,0
DA:349,0
DA:350,0
DA:356,0
DA:357,0
DA:365,0
DA:366,0
DA:367,0
DA:368,0
DA:369,0
DA:375,0
DA:376,0
DA:386,0
DA:404,0
DA:405,0
DA:406,0
DA:407,0
DA:410,0
DA:411,0
DA:412,0
DA:416,0
DA:417,0
DA:418,0
DA:425,0
DA:445,0
DA:449,0
DA:457,0
DA:465,0
DA:477,0
DA:479,0
DA:480,0
DA:483,0
DA:484,0
DA:488,0
DA:489,0
DA:490,0
DA:499,0
DA:509,0
DA:512,0
DA:513,0
DA:514,0
DA:519,0
DA:520,0
DA:526,0
DA:530,0
DA:531,0
DA:532,0
DA:533,0
DA:534,0
DA:538,0
DA:545,0
LF:120
LH:0
BRDA:81,0,0,0
BRDA:97,1,0,0
BRDA:102,2,0,0
BRDA:102,2,1,0
BRDA:117,3,0,0
BRDA:118,4,0,0
BRDA:119,5,0,0
BRDA:135,6,0,0
BRDA:136,7,0,0
BRDA:137,8,0,0
BRDA:156,9,0,0
BRDA:159,10,0,0
BRDA:159,10,1,0
BRDA:164,11,0,0
BRDA:164,11,1,0
BRDA:164,12,0,0
BRDA:164,12,1,0
BRDA:178,13,0,0
BRDA:178,13,1,0
BRDA:179,14,0,0
BRDA:179,14,1,0
BRDA:184,15,0,0
BRDA:184,15,1,0
BRDA:184,16,0,0
BRDA:184,16,1,0
BRDA:193,17,0,0
BRDA:193,17,1,0
BRDA:198,18,0,0
BRDA:198,18,1,0
BRDA:203,19,0,0
BRDA:203,19,1,0
BRDA:211,20,0,0
BRDA:211,20,1,0
BRDA:229,21,0,0
BRDA:229,21,1,0
BRDA:230,22,0,0
BRDA:230,22,1,0
BRDA:243,23,0,0
BRDA:243,23,1,0
BRDA:243,24,0,0
BRDA:243,24,1,0
BRDA:262,25,0,0
BRDA:262,25,1,0
BRDA:270,26,0,0
BRDA:270,26,1,0
BRDA:274,27,0,0
BRDA:274,27,1,0
BRDA:313,28,0,0
BRDA:313,28,1,0
BRDA:313,28,2,0
BRDA:313,28,3,0
BRDA:313,28,4,0
BRDA:349,29,0,0
BRDA:349,29,1,0
BRDA:367,30,0,0
BRDA:367,30,1,0
BRDA:371,31,0,0
BRDA:371,31,1,0
BRDA:405,32,0,0
BRDA:405,32,1,0
BRDA:406,33,0,0
BRDA:406,33,1,0
BRDA:410,34,0,0
BRDA:410,34,1,0
BRDA:410,35,0,0
BRDA:410,35,1,0
BRDA:465,36,0,0
BRDA:465,36,1,0
BRDA:480,37,0,0
BRDA:480,37,1,0
BRDA:483,38,0,0
BRDA:483,38,1,0
BRDA:483,39,0,0
BRDA:483,39,1,0
BRDA:488,40,0,0
BRDA:488,40,1,0
BRDA:513,41,0,0
BRDA:513,41,1,0
BRF:78
BRH:0
end_of_record
TN:
SF:src/services/fileScanner.ts
FN:12,(anonymous_0)
FN:35,(anonymous_1)
FNF:2
FNH:0
FNDA:0,(anonymous_0)
FNDA:0,(anonymous_1)
DA:12,0
DA:14,0
DA:15,0
DA:19,0
DA:20,0
DA:23,0
DA:26,0
DA:30,0
DA:32,0
DA:35,0
DA:36,0
DA:37,0
DA:38,0
DA:39,0
DA:40,0
DA:41,0
DA:44,0
DA:45,0
DA:47,0
DA:48,0
DA:53,0
DA:55,0
DA:57,0
DA:58,0
DA:61,0
LF:25
LH:0
BRDA:14,0,0,0
BRDA:14,0,1,0
BRDA:19,1,0,0
BRDA:19,1,1,0
BRDA:35,2,0,0
BRDA:36,3,0,0
BRDA:36,3,1,0
BRDA:38,4,0,0
BRDA:38,4,1,0
BRDA:38,5,0,0
BRDA:38,5,1,0
BRDA:44,6,0,0
BRDA:44,6,1,0
BRDA:47,7,0,0
BRDA:47,7,1,0
BRDA:57,8,0,0
BRDA:57,8,1,0
BRF:17
BRH:0
end_of_record
TN:
SF:src/services/genreMapping.service.ts
FN:8,(anonymous_0)
FN:32,(anonymous_1)
FN:33,(anonymous_2)
FN:37,(anonymous_3)
FN:38,(anonymous_4)
FN:51,(anonymous_5)
FN:68,(anonymous_6)
FN:84,(anonymous_7)
FN:108,(anonymous_8)
FN:109,(anonymous_9)
FN:119,(anonymous_10)
FNF:11
FNH:0
FNDA:0,(anonymous_0)
FNDA:0,(anonymous_1)
FNDA:0,(anonymous_2)
FNDA:0,(anonymous_3)
FNDA:0,(anonymous_4)
FNDA:0,(anonymous_5)
FNDA:0,(anonymous_6)
FNDA:0,(anonymous_7)
FNDA:0,(anonymous_8)
FNDA:0,(anonymous_9)
FNDA:0,(anonymous_10)
DA:9,0
DA:13,0
DA:14,0
DA:18,0
DA:21,0
DA:26,0
DA:27,0
DA:28,0
DA:32,0
DA:33,0
DA:36,0
DA:37,0
DA:38,0
DA:45,0
DA:52,0
DA:60,0
DA:61,0
DA:69,0
DA:76,0
DA:77,0
DA:85,0
DA:86,0
DA:87,0
DA:90,0
DA:98,0
DA:99,0
DA:102,0
DA:109,0
DA:110,0
DA:113,0
DA:120,0
DA:127,0
DA:128,0
DA:129,0
DA:132,0
LF:35
LH:0
BRDA:13,0,0,0
BRDA:13,0,1,0
BRDA:18,1,0,0
BRDA:18,1,1,0
BRDA:26,2,0,0
BRDA:26,2,1,0
BRDA:60,3,0,0
BRDA:60,3,1,0
BRDA:76,4,0,0
BRDA:76,4,1,0
BRDA:86,5,0,0
BRDA:86,5,1,0
BRDA:98,6,0,0
BRDA:98,6,1,0
BRDA:127,7,0,0
BRDA:127,7,1,0
BRDA:132,8,0,0
BRDA:132,8,1,0
BRF:18
BRH:0
end_of_record
TN:
SF:src/services/metadataExtractor.ts
FN:15,(anonymous_0)
FN:28,(anonymous_1)
FN:105,(anonymous_2)
FN:156,(anonymous_3)
FN:330,(anonymous_4)
FN:379,(anonymous_5)
FN:394,(anonymous_6)
FNF:7
FNH:0
FNDA:0,(anonymous_0)
FNDA:0,(anonymous_1)
FNDA:0,(anonymous_2)
FNDA:0,(anonymous_3)
FNDA:0,(anonymous_4)
FNDA:0,(anonymous_5)
FNDA:0,(anonymous_6)
DA:9,0
DA:10,0
DA:15,0
DA:16,0
DA:17,0
DA:19,0
DA:20,0
DA:22,0
DA:28,0
DA:29,0
DA:32,0
DA:33,0
DA:34,0
DA:35,0
DA:36,0
DA:41,0
DA:42,0
DA:43,0
DA:44,0
DA:45,0
DA:49,0
DA:53,0
DA:54,0
DA:58,0
DA:105,0
DA:106,0
DA:108,0
DA:109,0
DA:116,0
DA:120,0
DA:121,0
DA:130,0
DA:132,0
DA:133,0
DA:137,0
DA:138,0
DA:139,0
DA:142,0
DA:145,0
DA:155,0
DA:156,0
DA:157,0
DA:161,0
DA:164,0
DA:165,0
DA:166,0
DA:167,0
DA:168,0
DA:169,0
DA:170,0
DA:171,0
DA:174,0
DA:175,0
DA:176,0
DA:177,0
DA:178,0
DA:179,0
DA:180,0
DA:181,0
DA:183,0
DA:196,0
DA:197,0
DA:198,0
DA:199,0
DA:200,0
DA:201,0
DA:202,0
DA:209,0
DA:210,0
DA:211,0
DA:221,0
DA:222,0
DA:225,0
DA:227,0
DA:228,0
DA:229,0
DA:230,0
DA:233,0
DA:234,0
DA:235,0
DA:237,0
DA:238,0
DA:240,0
DA:241,0
DA:243,0
DA:249,0
DA:250,0
DA:251,0
DA:252,0
DA:255,0
DA:256,0
DA:258,0
DA:259,0
DA:260,0
DA:261,0
DA:264,0
DA:265,0
DA:270,0
DA:271,0
DA:272,0
DA:279,0
DA:280,0
DA:282,0
DA:305,0
DA:326,0
DA:328,0
DA:329,0
DA:330,0
DA:333,0
DA:334,0
DA:336,0
DA:339,0
DA:340,0
DA:343,0
DA:366,0
DA:367,0
DA:368,0
DA:369,0
DA:372,0
DA:379,0
DA:384,0
DA:386,0
DA:389,0
DA:390,0
DA:391,0
DA:393,0
DA:395,0
DA:396,0
DA:397,0
DA:399,0
DA:400,0
DA:403,0
DA:406,0
DA:409,0
LF:134
LH:0
BRDA:16,0,0,0
BRDA:16,0,1,0
BRDA:16,1,0,0
BRDA:16,1,1,0
BRDA:16,1,2,0
BRDA:19,2,0,0
BRDA:19,2,1,0
BRDA:29,3,0,0
BRDA:29,3,1,0
BRDA:33,4,0,0
BRDA:33,4,1,0
BRDA:35,5,0,0
BRDA:35,5,1,0
BRDA:35,6,0,0
BRDA:35,6,1,0
BRDA:42,7,0,0
BRDA:42,7,1,0
BRDA:44,8,0,0
BRDA:44,8,1,0
BRDA:44,9,0,0
BRDA:44,9,1,0
BRDA:53,10,0,0
BRDA:53,10,1,0
BRDA:137,11,0,0
BRDA:137,11,1,0
BRDA:149,12,0,0
BRDA:149,12,1,0
BRDA:150,13,0,0
BRDA:150,13,1,0
BRDA:151,14,0,0
BRDA:151,14,1,0
BRDA:155,15,0,0
BRDA:155,15,1,0
BRDA:174,16,0,0
BRDA:174,16,1,0
BRDA:175,17,0,0
BRDA:175,17,1,0
BRDA:176,18,0,0
BRDA:176,18,1,0
BRDA:177,19,0,0
BRDA:177,19,1,0
BRDA:178,20,0,0
BRDA:178,20,1,0
BRDA:179,21,0,0
BRDA:179,21,1,0
BRDA:180,22,0,0
BRDA:180,22,1,0
BRDA:181,23,0,0
BRDA:181,23,1,0
BRDA:196,24,0,0
BRDA:196,24,1,0
BRDA:197,25,0,0
BRDA:197,25,1,0
BRDA:198,26,0,0
BRDA:198,26,1,0
BRDA:200,27,0,0
BRDA:200,27,1,0
BRDA:209,28,0,0
BRDA:209,28,1,0
BRDA:210,29,0,0
BRDA:210,29,1,0
BRDA:221,30,0,0
BRDA:221,30,1,0
BRDA:221,31,0,0
BRDA:221,31,1,0
BRDA:221,31,2,0
BRDA:221,31,3,0
BRDA:221,31,4,0
BRDA:221,31,5,0
BRDA:221,31,6,0
BRDA:221,31,7,0
BRDA:228,32,0,0
BRDA:228,32,1,0
BRDA:234,33,0,0
BRDA:234,33,1,0
BRDA:234,34,0,0
BRDA:234,34,1,0
BRDA:234,34,2,0
BRDA:234,34,3,0
BRDA:235,35,0,0
BRDA:235,35,1,0
BRDA:237,36,0,0
BRDA:237,36,1,0
BRDA:237,37,0,0
BRDA:237,37,1,0
BRDA:237,37,2,0
BRDA:237,37,3,0
BRDA:238,38,0,0
BRDA:238,38,1,0
BRDA:240,39,0,0
BRDA:240,39,1,0
BRDA:240,40,0,0
BRDA:240,40,1,0
BRDA:240,40,2,0
BRDA:240,40,3,0
BRDA:241,41,0,0
BRDA:241,41,1,0
BRDA:243,42,0,0
BRDA:243,42,1,0
BRDA:243,43,0,0
BRDA:243,43,1,0
BRDA:243,43,2,0
BRDA:243,43,3,0
BRDA:243,43,4,0
BRDA:243,43,5,0
BRDA:243,43,6,0
BRDA:243,43,7,0
BRDA:243,43,8,0
BRDA:243,43,9,0
BRDA:243,43,10,0
BRDA:243,43,11,0
BRDA:250,44,0,0
BRDA:250,44,1,0
BRDA:255,45,0,0
BRDA:255,45,1,0
BRDA:255,46,0,0
BRDA:255,46,1,0
BRDA:255,46,2,0
BRDA:255,46,3,0
BRDA:256,47,0,0
BRDA:256,47,1,0
BRDA:258,48,0,0
BRDA:258,48,1,0
BRDA:258,49,0,0
BRDA:258,49,1,0
BRDA:258,49,2,0
BRDA:258,49,3,0
BRDA:259,50,0,0
BRDA:259,50,1,0
BRDA:259,51,0,0
BRDA:259,51,1,0
BRDA:260,52,0,0
BRDA:260,52,1,0
BRDA:260,53,0,0
BRDA:260,53,1,0
BRDA:260,53,2,0
BRDA:264,54,0,0
BRDA:264,54,1,0
BRDA:264,55,0,0
BRDA:264,55,1,0
BRDA:264,55,2,0
BRDA:264,55,3,0
BRDA:264,55,4,0
BRDA:265,56,0,0
BRDA:265,56,1,0
BRDA:270,57,0,0
BRDA:270,57,1,0
BRDA:270,58,0,0
BRDA:270,58,1,0
BRDA:270,58,2,0
BRDA:270,58,3,0
BRDA:270,58,4,0
BRDA:270,58,5,0
BRDA:270,58,6,0
BRDA:306,59,0,0
BRDA:306,59,1,0
BRDA:307,60,0,0
BRDA:307,60,1,0
BRDA:308,61,0,0
BRDA:308,61,1,0
BRDA:309,62,0,0
BRDA:309,62,1,0
BRDA:310,63,0,0
BRDA:310,63,1,0
BRDA:311,64,0,0
BRDA:311,64,1,0
BRDA:312,65,0,0
BRDA:312,65,1,0
BRDA:313,66,0,0
BRDA:313,66,1,0
BRDA:321,67,0,0
BRDA:321,67,1,0
BRDA:328,68,0,0
BRDA:328,68,1,0
BRDA:367,69,0,0
BRDA:367,69,1,0
BRDA:382,70,0,0
BRDA:399,71,0,0
BRDA:399,71,1,0
BRF:179
BRH:0
end_of_record
TN:
SF:src/services/normalization.service.ts
FN:40,(anonymous_0)
FN:53,(anonymous_1)
FN:63,(anonymous_2)
FN:83,(anonymous_3)
FN:94,(anonymous_4)
FN:122,(anonymous_5)
FN:152,(anonymous_6)
FN:162,(anonymous_7)
FN:169,(anonymous_8)
FN:170,(anonymous_9)
FN:205,(anonymous_10)
FN:214,(anonymous_11)
FN:214,(anonymous_12)
FN:222,(anonymous_13)
FN:236,(anonymous_14)
FNF:15
FNH:14
FNDA:31,(anonymous_0)
FNDA:31,(anonymous_1)
FNDA:31,(anonymous_2)
FNDA:40,(anonymous_3)
FNDA:10,(anonymous_4)
FNDA:5,(anonymous_5)
FNDA:13,(anonymous_6)
FNDA:5,(anonymous_7)
FNDA:5,(anonymous_8)
FNDA:0,(anonymous_9)
FNDA:12,(anonymous_10)
FNDA:6,(anonymous_11)
FNDA:6,(anonymous_12)
FNDA:41,(anonymous_13)
FNDA:9,(anonymous_14)
DA:17,19
DA:25,19
DA:30,19
DA:41,31
DA:42,31
DA:54,31
DA:64,31
DA:84,40
DA:85,40
DA:86,160
DA:88,40
DA:95,10
DA:98,10
DA:100,10
DA:101,5
DA:105,10
DA:106,10
DA:107,0
DA:111,10
DA:112,10
DA:113,0
DA:116,10
DA:123,5
DA:124,5
DA:127,5
DA:128,110
DA:129,10
DA:134,5
DA:135,25
DA:136,0
DA:141,5
DA:142,0
DA:145,5
DA:153,13
DA:155,10
DA:157,10
DA:158,5
DA:162,5
DA:168,5
DA:169,5
DA:172,0
DA:173,0
DA:174,0
DA:177,5
DA:178,5
DA:180,5
DA:181,5
DA:184,5
DA:185,5
DA:186,0
DA:187,0
DA:188,0
DA:189,0
DA:193,0
DA:197,5
DA:199,5
DA:206,12
DA:209,9
DA:212,9
DA:213,9
DA:214,9
DA:216,9
DA:223,41
DA:225,31
DA:226,31
DA:227,31
DA:228,31
DA:230,31
DA:238,9
DA:241,9
DA:244,9
DA:245,9
DA:246,9
DA:247,9
DA:249,9
LF:75
LH:63
BRDA:41,0,0,0
BRDA:41,0,1,31
BRDA:112,1,0,0
BRDA:112,1,1,10
BRDA:128,2,0,10
BRDA:128,2,1,100
BRDA:135,3,0,0
BRDA:135,3,1,25
BRDA:141,4,0,0
BRDA:141,4,1,5
BRDA:141,5,0,5
BRDA:141,5,1,0
BRDA:153,6,0,3
BRDA:153,6,1,10
BRDA:157,7,0,5
BRDA:157,7,1,5
BRDA:172,8,0,0
BRDA:172,8,1,0
BRDA:180,9,0,5
BRDA:180,9,1,0
BRDA:184,10,0,5
BRDA:184,10,1,0
BRDA:186,11,0,0
BRDA:186,11,1,0
BRDA:188,12,0,0
BRDA:188,12,1,0
BRDA:206,13,0,3
BRDA:206,13,1,9
BRDA:223,14,0,10
BRDA:223,14,1,31
BRF:30
BRH:17
end_of_record
TN:
SF:src/services/queryWrapper.service.ts
FN:27,waitForAuthStability
FN:38,(anonymous_1)
FN:39,(anonymous_2)
FN:62,waitForValidation
FN:74,(anonymous_4)
FN:75,(anonymous_5)
FN:99,safeQuery
FN:132,(anonymous_7)
FN:139,(anonymous_8)
FN:140,(anonymous_9)
FN:183,checkForAuthTokens
FN:185,(anonymous_11)
FN:198,createQueryWrapper
FN:199,(anonymous_13)
FNF:14
FNH:0
FNDA:0,waitForAuthStability
FNDA:0,(anonymous_1)
FNDA:0,(anonymous_2)
FNDA:0,waitForValidation
FNDA:0,(anonymous_4)
FNDA:0,(anonymous_5)
FNDA:0,safeQuery
FNDA:0,(anonymous_7)
FNDA:0,(anonymous_8)
FNDA:0,(anonymous_9)
FNDA:0,checkForAuthTokens
FNDA:0,(anonymous_11)
FNDA:0,createQueryWrapper
FNDA:0,(anonymous_13)
DA:28,0
DA:31,0
DA:32,0
DA:35,0
DA:38,0
DA:39,0
DA:40,0
DA:41,0
DA:42,0
DA:43,0
DA:44,0
DA:45,0
DA:49,0
DA:50,0
DA:51,0
DA:52,0
DA:53,0
DA:63,0
DA:66,0
DA:67,0
DA:68,0
DA:71,0
DA:74,0
DA:75,0
DA:76,0
DA:77,0
DA:78,0
DA:79,0
DA:80,0
DA:81,0
DA:85,0
DA:86,0
DA:87,0
DA:88,0
DA:89,0
DA:103,0
DA:105,0
DA:107,0
DA:108,0
DA:110,0
DA:111,0
DA:116,0
DA:120,0
DA:121,0
DA:122,0
DA:123,0
DA:131,0
DA:132,0
DA:133,0
DA:136,0
DA:137,0
DA:140,0
DA:141,0
DA:146,0
DA:148,0
DA:154,0
DA:156,0
DA:158,0
DA:159,0
DA:161,0
DA:164,0
DA:171,0
DA:172,0
DA:184,0
DA:185,0
DA:186,0
DA:188,0
DA:190,0
DA:199,0
DA:200,0
LF:70
LH:0
BRDA:27,0,0,0
BRDA:31,1,0,0
BRDA:31,1,1,0
BRDA:40,2,0,0
BRDA:40,2,1,0
BRDA:49,3,0,0
BRDA:49,3,1,0
BRDA:62,4,0,0
BRDA:66,5,0,0
BRDA:66,5,1,0
BRDA:76,6,0,0
BRDA:76,6,1,0
BRDA:85,7,0,0
BRDA:85,7,1,0
BRDA:103,8,0,0
BRDA:103,9,0,0
BRDA:107,10,0,0
BRDA:107,10,1,0
BRDA:110,11,0,0
BRDA:110,11,1,0
BRDA:121,12,0,0
BRDA:121,12,1,0
BRDA:121,13,0,0
BRDA:121,13,1,0
BRDA:158,14,0,0
BRDA:158,14,1,0
BRDA:166,15,0,0
BRDA:166,15,1,0
BRDA:174,16,0,0
BRDA:174,16,1,0
BRDA:186,17,0,0
BRDA:186,17,1,0
BRDA:201,18,0,0
BRDA:201,18,1,0
BRF:34
BRH:0
end_of_record
TN:
SF:src/services/session.service.ts
FN:14,(anonymous_0)
FN:62,(anonymous_1)
FN:82,(anonymous_2)
FN:94,(anonymous_3)
FN:115,(anonymous_4)
FN:125,(anonymous_5)
FN:137,(anonymous_6)
FN:147,(anonymous_7)
FN:153,(anonymous_8)
FNF:9
FNH:0
FNDA:0,(anonymous_0)
FNDA:0,(anonymous_1)
FNDA:0,(anonymous_2)
FNDA:0,(anonymous_3)
FNDA:0,(anonymous_4)
FNDA:0,(anonymous_5)
FNDA:0,(anonymous_6)
FNDA:0,(anonymous_7)
FNDA:0,(anonymous_8)
DA:15,0
DA:16,0
DA:18,0
DA:19,0
DA:29,0
DA:30,0
DA:31,0
DA:33,0
DA:34,0
DA:35,0
DA:38,0
DA:47,0
DA:48,0
DA:63,0
DA:64,0
DA:66,0
DA:71,0
DA:72,0
DA:83,0
DA:85,0
DA:86,0
DA:88,0
DA:95,0
DA:96,0
DA:103,0
DA:105,0
DA:116,0
DA:118,0
DA:119,0
DA:130,0
DA:132,0
DA:135,0
DA:137,0
DA:138,0
DA:140,0
DA:141,0
DA:143,0
DA:147,0
DA:154,0
DA:155,0
DA:158,0
DA:159,0
DA:161,0
DA:166,0
DA:167,0
LF:45
LH:0
BRDA:18,0,0,0
BRDA:18,0,1,0
BRDA:33,1,0,0
BRDA:33,1,1,0
BRDA:83,2,0,0
BRDA:83,2,1,0
BRDA:95,3,0,0
BRDA:95,3,1,0
BRDA:95,4,0,0
BRDA:95,4,1,0
BRDA:106,5,0,0
BRDA:106,5,1,0
BRDA:116,6,0,0
BRDA:116,6,1,0
BRDA:132,7,0,0
BRDA:132,7,1,0
BRDA:132,8,0,0
BRDA:132,8,1,0
BRDA:140,9,0,0
BRDA:140,9,1,0
BRDA:154,10,0,0
BRDA:154,10,1,0
BRDA:162,11,0,0
BRDA:162,11,1,0
BRF:24
BRH:0
end_of_record
TN:
SF:src/services/sessionCache.service.ts
FN:41,(anonymous_0)
FN:51,(anonymous_1)
FN:72,(anonymous_2)
FN:81,(anonymous_3)
FN:188,(anonymous_4)
FN:215,(anonymous_5)
FN:314,(anonymous_6)
FN:325,(anonymous_7)
FN:327,(anonymous_8)
FN:335,(anonymous_9)
FN:342,(anonymous_10)
FN:343,(anonymous_11)
FN:358,(anonymous_12)
FN:367,(anonymous_13)
FN:391,(anonymous_14)
FNF:15
FNH:12
FNDA:2,(anonymous_0)
FNDA:4,(anonymous_1)
FNDA:8,(anonymous_2)
FNDA:10,(anonymous_3)
FNDA:9,(anonymous_4)
FNDA:9,(anonymous_5)
FNDA:19,(anonymous_6)
FNDA:19,(anonymous_7)
FNDA:114,(anonymous_8)
FNDA:0,(anonymous_9)
FNDA:0,(anonymous_10)
FNDA:0,(anonymous_11)
FNDA:1,(anonymous_12)
FNDA:7,(anonymous_13)
FNDA:1,(anonymous_14)
DA:21,2
DA:22,2
DA:23,2
DA:28,2
DA:29,2
DA:30,2
DA:33,2
DA:34,2
DA:35,2
DA:38,2
DA:39,2
DA:42,21
DA:43,2
DA:45,21
DA:52,4
DA:53,3
DA:57,3
DA:58,3
DA:60,3
DA:73,8
DA:74,1
DA:75,1
DA:86,10
DA:87,10
DA:89,10
DA:97,10
DA:98,1
DA:103,1
DA:110,9
DA:111,0
DA:116,0
DA:123,9
DA:124,1
DA:125,0
DA:126,0
DA:129,1
DA:130,1
DA:131,1
DA:133,1
DA:134,1
DA:135,1
DA:136,1
DA:138,1
DA:143,8
DA:144,3
DA:145,3
DA:146,0
DA:147,0
DA:152,8
DA:153,0
DA:154,0
DA:157,8
DA:164,10
DA:166,10
DA:167,3
DA:169,5
DA:172,8
DA:173,8
DA:174,8
DA:175,8
DA:177,8
DA:178,3
DA:180,5
DA:189,9
DA:194,9
DA:195,9
DA:203,9
DA:216,9
DA:217,9
DA:218,9
DA:220,9
DA:221,0
DA:222,0
DA:225,9
DA:226,9
DA:227,9
DA:231,0
DA:232,0
DA:237,0
DA:240,0
DA:241,0
DA:242,0
DA:243,0
DA:245,0
DA:246,0
DA:252,0
DA:254,0
DA:255,0
DA:259,0
DA:260,0
DA:265,0
DA:268,0
DA:274,0
DA:275,0
DA:278,0
DA:282,0
DA:284,0
DA:285,0
DA:286,0
DA:290,0
DA:291,0
DA:295,0
DA:298,0
DA:299,0
DA:300,0
DA:302,0
DA:303,0
DA:306,0
DA:307,0
DA:315,19
DA:316,19
DA:317,19
DA:318,19
DA:319,19
DA:326,19
DA:327,19
DA:328,114
DA:335,19
DA:336,0
DA:339,19
DA:341,19
DA:342,0
DA:343,0
DA:344,0
DA:345,0
DA:351,0
DA:359,1
DA:360,1
DA:361,1
DA:376,7
DA:377,7
DA:392,1
DA:396,2
LF:133
LH:84
BRDA:42,0,0,2
BRDA:42,0,1,19
BRDA:52,1,0,3
BRDA:52,1,1,1
BRDA:73,2,0,7
BRDA:73,2,1,1
BRDA:82,3,0,10
BRDA:84,4,0,10
BRDA:91,5,0,10
BRDA:91,5,1,6
BRDA:97,6,0,1
BRDA:97,6,1,9
BRDA:97,7,0,10
BRDA:97,7,1,8
BRDA:110,8,0,0
BRDA:110,8,1,9
BRDA:110,9,0,9
BRDA:110,9,1,7
BRDA:110,9,2,6
BRDA:110,9,3,1
BRDA:110,9,4,0
BRDA:123,10,0,1
BRDA:123,10,1,8
BRDA:124,11,0,0
BRDA:124,11,1,1
BRDA:124,12,0,1
BRDA:124,12,1,0
BRDA:143,13,0,3
BRDA:143,13,1,5
BRDA:145,14,0,0
BRDA:145,14,1,3
BRDA:145,15,0,3
BRDA:145,15,1,0
BRDA:152,16,0,0
BRDA:152,16,1,8
BRDA:152,17,0,8
BRDA:152,17,1,0
BRDA:152,17,2,0
BRDA:152,17,3,0
BRDA:159,18,0,8
BRDA:159,18,1,5
BRDA:164,19,0,10
BRDA:164,19,1,5
BRDA:166,20,0,3
BRDA:166,20,1,5
BRDA:177,21,0,3
BRDA:177,21,1,5
BRDA:189,22,0,9
BRDA:189,22,1,0
BRDA:189,22,2,0
BRDA:189,22,3,0
BRDA:194,23,0,9
BRDA:194,23,1,0
BRDA:194,24,0,9
BRDA:194,24,1,9
BRDA:220,25,0,0
BRDA:220,25,1,9
BRDA:225,26,0,9
BRDA:225,26,1,0
BRDA:231,27,0,0
BRDA:231,27,1,0
BRDA:254,28,0,0
BRDA:254,28,1,0
BRDA:254,29,0,0
BRDA:254,29,1,0
BRDA:255,30,0,0
BRDA:255,30,1,0
BRDA:255,30,2,0
BRDA:259,31,0,0
BRDA:259,31,1,0
BRDA:275,32,0,0
BRDA:275,32,1,0
BRDA:286,33,0,0
BRDA:286,33,1,0
BRDA:286,33,2,0
BRDA:290,34,0,0
BRDA:290,34,1,0
BRDA:290,35,0,0
BRDA:290,35,1,0
BRDA:328,36,0,114
BRDA:328,36,1,114
BRDA:328,36,2,114
BRDA:328,36,3,114
BRDA:328,36,4,114
BRDA:341,37,0,0
BRDA:341,37,1,19
BRDA:344,38,0,0
BRDA:344,38,1,0
BRDA:344,39,0,0
BRDA:344,39,1,0
BRDA:379,40,0,2
BRDA:379,40,1,5
BRDA:380,41,0,7
BRDA:380,41,1,5
BRDA:392,42,0,1
BRDA:392,42,1,1
BRF:96
BRH:55
end_of_record
TN:
SF:src/services/slskdClient.service.ts
FN:18,(anonymous_0)
FN:37,(anonymous_1)
FN:54,(anonymous_2)
FN:71,(anonymous_3)
FN:82,(anonymous_4)
FN:99,(anonymous_5)
FN:104,(anonymous_6)
FN:114,(anonymous_7)
FN:126,(anonymous_8)
FN:132,(anonymous_9)
FNF:10
FNH:0
FNDA:0,(anonymous_0)
FNDA:0,(anonymous_1)
FNDA:0,(anonymous_2)
FNDA:0,(anonymous_3)
FNDA:0,(anonymous_4)
FNDA:0,(anonymous_5)
FNDA:0,(anonymous_6)
FNDA:0,(anonymous_7)
FNDA:0,(anonymous_8)
FNDA:0,(anonymous_9)
DA:23,0
DA:24,0
DA:30,0
DA:36,0
DA:37,0
DA:38,0
DA:42,0
DA:43,0
DA:44,0
DA:47,0
DA:55,0
DA:56,0
DA:61,0
DA:63,0
DA:64,0
DA:74,0
DA:86,0
DA:101,0
DA:104,0
DA:107,0
DA:115,0
DA:130,0
DA:131,0
DA:132,0
LF:24
LH:0
BRDA:21,0,0,0
BRDA:36,1,0,0
BRDA:36,1,1,0
BRDA:43,2,0,0
BRDA:43,2,1,0
BRF:5
BRH:0
end_of_record
TN:
SF:src/services/spotifyAuthManager.mock.service.ts
FN:45,(anonymous_0)
FN:52,(anonymous_1)
FN:71,(anonymous_2)
FN:76,(anonymous_3)
FN:77,(anonymous_4)
FN:80,(anonymous_5)
FN:82,(anonymous_6)
FN:85,(anonymous_7)
FN:89,(anonymous_8)
FN:95,(anonymous_9)
FN:123,(anonymous_10)
FN:129,(anonymous_11)
FN:143,(anonymous_12)
FN:150,(anonymous_13)
FN:161,(anonymous_14)
FN:167,(anonymous_15)
FN:180,(anonymous_16)
FN:186,(anonymous_17)
FN:215,(anonymous_18)
FN:221,(anonymous_19)
FN:236,(anonymous_20)
FN:240,(anonymous_21)
FN:265,(anonymous_22)
FN:269,(anonymous_23)
FN:278,(anonymous_24)
FN:296,(anonymous_25)
FN:308,(anonymous_26)
FN:325,(anonymous_27)
FN:32,(anonymous_28)
FNF:29
FNH:0
FNDA:0,(anonymous_0)
FNDA:0,(anonymous_1)
FNDA:0,(anonymous_2)
FNDA:0,(anonymous_3)
FNDA:0,(anonymous_4)
FNDA:0,(anonymous_5)
FNDA:0,(anonymous_6)
FNDA:0,(anonymous_7)
FNDA:0,(anonymous_8)
FNDA:0,(anonymous_9)
FNDA:0,(anonymous_10)
FNDA:0,(anonymous_11)
FNDA:0,(anonymous_12)
FNDA:0,(anonymous_13)
FNDA:0,(anonymous_14)
FNDA:0,(anonymous_15)
FNDA:0,(anonymous_16)
FNDA:0,(anonymous_17)
FNDA:0,(anonymous_18)
FNDA:0,(anonymous_19)
FNDA:0,(anonymous_20)
FNDA:0,(anonymous_21)
FNDA:0,(anonymous_22)
FNDA:0,(anonymous_23)
FNDA:0,(anonymous_24)
FNDA:0,(anonymous_25)
FNDA:0,(anonymous_26)
FNDA:0,(anonymous_27)
FNDA:0,(anonymous_28)
DA:27,0
DA:28,0
DA:29,0
DA:30,0
DA:33,0
DA:42,0
DA:46,0
DA:47,0
DA:49,0
DA:53,0
DA:72,0
DA:73,0
DA:77,0
DA:81,0
DA:82,0
DA:86,0
DA:90,0
DA:92,0
DA:95,0
DA:98,0
DA:100,0
DA:101,0
DA:108,0
DA:109,0
DA:111,0
DA:118,0
DA:119,0
DA:124,0
DA:126,0
DA:129,0
DA:132,0
DA:139,0
DA:143,0
DA:144,0
DA:147,0
DA:151,0
DA:153,0
DA:162,0
DA:164,0
DA:167,0
DA:169,0
DA:176,0
DA:177,0
DA:181,0
DA:183,0
DA:186,0
DA:189,0
DA:190,0
DA:196,0
DA:202,0
DA:203,0
DA:205,0
DA:210,0
DA:211,0
DA:216,0
DA:218,0
DA:221,0
DA:223,0
DA:230,0
DA:232,0
DA:233,0
DA:237,0
DA:240,0
DA:242,0
DA:243,0
DA:245,0
DA:247,0
DA:257,0
DA:258,0
DA:266,0
DA:269,0
DA:271,0
DA:278,0
DA:280,0
DA:287,0
DA:288,0
DA:297,0
DA:299,0
DA:309,0
DA:311,0
DA:312,0
DA:317,0
DA:326,0
DA:328,0
DA:335,0
LF:85
LH:0
BRDA:46,0,0,0
BRDA:46,0,1,0
BRDA:89,1,0,0
BRDA:100,2,0,0
BRDA:100,2,1,0
BRDA:100,3,0,0
BRDA:100,3,1,0
BRDA:189,4,0,0
BRDA:189,4,1,0
BRDA:215,5,0,0
BRDA:227,6,0,0
BRDA:227,6,1,0
BRDA:261,7,0,0
BRDA:261,7,1,0
BRDA:291,8,0,0
BRDA:291,8,1,0
BRDA:301,9,0,0
BRDA:301,9,1,0
BRDA:302,10,0,0
BRDA:302,10,1,0
BRDA:303,11,0,0
BRDA:303,11,1,0
BRDA:311,12,0,0
BRDA:311,12,1,0
BRF:24
BRH:0
end_of_record
TN:
SF:src/services/spotifyAuthManager.service.ts
FN:81,(anonymous_0)
FN:88,(anonymous_1)
FN:91,(anonymous_2)
FN:96,(anonymous_3)
FN:100,(anonymous_4)
FN:127,(anonymous_5)
FN:174,(anonymous_6)
FN:203,(anonymous_7)
FN:204,(anonymous_8)
FN:301,(anonymous_9)
FN:365,(anonymous_10)
FN:411,(anonymous_11)
FN:455,(anonymous_12)
FN:475,(anonymous_13)
FN:513,(anonymous_14)
FN:554,(anonymous_15)
FN:583,(anonymous_16)
FN:591,(anonymous_17)
FN:600,(anonymous_18)
FN:603,(anonymous_19)
FN:612,(anonymous_20)
FN:637,(anonymous_21)
FN:55,(anonymous_22)
FNF:23
FNH:14
FNDA:1,(anonymous_0)
FNDA:2,(anonymous_1)
FNDA:2,(anonymous_2)
FNDA:4,(anonymous_3)
FNDA:2,(anonymous_4)
FNDA:1,(anonymous_5)
FNDA:0,(anonymous_6)
FNDA:0,(anonymous_7)
FNDA:0,(anonymous_8)
FNDA:0,(anonymous_9)
FNDA:0,(anonymous_10)
FNDA:1,(anonymous_11)
FNDA:0,(anonymous_12)
FNDA:0,(anonymous_13)
FNDA:0,(anonymous_14)
FNDA:2,(anonymous_15)
FNDA:14,(anonymous_16)
FNDA:12,(anonymous_17)
FNDA:5,(anonymous_18)
FNDA:0,(anonymous_19)
FNDA:1,(anonymous_20)
FNDA:15,(anonymous_21)
FNDA:15,(anonymous_22)
DA:43,1
DA:44,15
DA:45,15
DA:46,15
DA:47,15
DA:48,15
DA:50,15
DA:51,15
DA:53,1
DA:56,15
DA:67,15
DA:76,15
DA:77,14
DA:82,17
DA:83,15
DA:85,17
DA:89,2
DA:90,2
DA:91,2
DA:92,2
DA:97,4
DA:101,2
DA:103,2
DA:104,1
DA:105,1
DA:113,1
DA:114,0
DA:115,0
DA:118,1
DA:120,1
DA:121,1
DA:122,1
DA:124,1
DA:128,1
DA:130,1
DA:136,1
DA:137,1
DA:138,1
DA:140,1
DA:142,1
DA:143,1
DA:148,1
DA:149,1
DA:151,1
DA:156,1
DA:163,1
DA:166,0
DA:168,0
DA:169,0
DA:170,0
DA:171,0
DA:173,0
DA:175,0
DA:176,0
DA:182,0
DA:183,0
DA:184,0
DA:185,0
DA:188,0
DA:189,0
DA:190,0
DA:192,0
DA:193,0
DA:194,0
DA:195,0
DA:198,0
DA:199,0
DA:200,0
DA:204,0
DA:205,0
DA:206,0
DA:207,0
DA:208,0
DA:214,0
DA:215,0
DA:217,0
DA:221,0
DA:228,0
DA:231,0
DA:233,0
DA:234,0
DA:236,0
DA:237,0
DA:238,0
DA:239,0
DA:242,0
DA:243,0
DA:247,0
DA:255,0
DA:256,0
DA:262,0
DA:270,0
DA:271,0
DA:278,0
DA:279,0
DA:281,0
DA:285,0
DA:293,0
DA:302,0
DA:304,0
DA:305,0
DA:307,0
DA:308,0
DA:310,0
DA:314,0
DA:315,0
DA:318,0
DA:320,0
DA:321,0
DA:323,0
DA:332,0
DA:334,0
DA:336,0
DA:337,0
DA:338,0
DA:339,0
DA:342,0
DA:343,0
DA:344,0
DA:345,0
DA:346,0
DA:347,0
DA:348,0
DA:350,0
DA:352,0
DA:354,0
DA:356,0
DA:357,0
DA:359,0
DA:361,0
DA:366,0
DA:368,0
DA:369,0
DA:371,0
DA:372,0
DA:373,0
DA:376,0
DA:378,0
DA:383,0
DA:384,0
DA:387,0
DA:388,0
DA:390,0
DA:398,0
DA:399,0
DA:401,0
DA:403,0
DA:405,0
DA:407,0
DA:412,1
DA:414,1
DA:415,1
DA:418,0
DA:419,0
DA:420,0
DA:421,0
DA:424,0
DA:433,0
DA:438,1
DA:439,0
DA:440,0
DA:443,0
DA:445,0
DA:447,0
DA:449,0
DA:451,0
DA:456,0
DA:457,0
DA:458,0
DA:461,0
DA:462,0
DA:464,0
DA:466,0
DA:467,0
DA:468,0
DA:470,0
DA:471,0
DA:476,0
DA:477,0
DA:479,0
DA:480,0
DA:483,0
DA:492,0
DA:493,0
DA:496,0
DA:497,0
DA:505,0
DA:507,0
DA:509,0
DA:514,0
DA:516,0
DA:517,0
DA:520,0
DA:521,0
DA:523,0
DA:524,0
DA:527,0
DA:536,0
DA:537,0
DA:540,0
DA:542,0
DA:543,0
DA:545,0
DA:547,0
DA:548,0
DA:550,0
DA:555,2
DA:557,2
DA:558,1
DA:561,1
DA:562,1
DA:563,2
DA:565,2
DA:567,2
DA:568,2
DA:574,0
DA:576,0
DA:577,0
DA:579,0
DA:584,14
DA:585,0
DA:588,14
DA:589,14
DA:591,12
DA:594,14
DA:596,0
DA:601,5
DA:603,5
DA:604,0
DA:605,0
DA:607,0
DA:613,1
DA:618,1
DA:638,15
DA:639,13
DA:640,13
DA:643,15
DA:644,15
LF:238
LH:71
BRDA:82,0,0,15
BRDA:82,0,1,2
BRDA:100,1,0,2
BRDA:103,2,0,1
BRDA:103,2,1,1
BRDA:103,3,0,2
BRDA:103,3,1,1
BRDA:113,4,0,0
BRDA:113,4,1,1
BRDA:113,5,0,1
BRDA:113,5,1,0
BRDA:148,6,0,1
BRDA:148,6,1,0
BRDA:148,7,0,1
BRDA:148,7,1,1
BRDA:183,8,0,0
BRDA:183,8,1,0
BRDA:193,9,0,0
BRDA:193,9,1,0
BRDA:205,10,0,0
BRDA:205,10,1,0
BRDA:214,11,0,0
BRDA:214,11,1,0
BRDA:233,12,0,0
BRDA:233,12,1,0
BRDA:236,13,0,0
BRDA:236,13,1,0
BRDA:238,14,0,0
BRDA:238,14,1,0
BRDA:238,15,0,0
BRDA:238,15,1,0
BRDA:278,16,0,0
BRDA:278,16,1,0
BRDA:307,17,0,0
BRDA:307,17,1,0
BRDA:332,18,0,0
BRDA:332,18,1,0
BRDA:336,19,0,0
BRDA:336,19,1,0
BRDA:371,20,0,0
BRDA:371,20,1,0
BRDA:383,21,0,0
BRDA:383,21,1,0
BRDA:414,22,0,1
BRDA:414,22,1,0
BRDA:420,23,0,0
BRDA:420,23,1,0
BRDA:438,24,0,0
BRDA:438,24,1,1
BRDA:455,25,0,0
BRDA:456,26,0,0
BRDA:456,26,1,0
BRDA:458,27,0,0
BRDA:458,27,1,0
BRDA:479,28,0,0
BRDA:479,28,1,0
BRDA:492,29,0,0
BRDA:492,29,1,0
BRDA:516,30,0,0
BRDA:516,30,1,0
BRDA:523,31,0,0
BRDA:523,31,1,0
BRDA:536,32,0,0
BRDA:536,32,1,0
BRDA:557,33,0,1
BRDA:557,33,1,1
BRDA:562,34,0,1
BRDA:562,34,1,1
BRDA:563,35,0,1
BRDA:563,35,1,0
BRDA:571,36,0,1
BRDA:571,36,1,0
BRDA:584,37,0,0
BRDA:584,37,1,14
BRDA:626,38,0,1
BRDA:626,38,1,0
BRDA:638,39,0,13
BRDA:638,39,1,2
BRDA:55,40,0,15
BRDA:76,41,0,14
BRDA:76,41,1,1
BRF:81
BRH:27
end_of_record
TN:
SF:src/services/startupSessionValidator.improved.ts
FN:48,(anonymous_0)
FN:58,(anonymous_1)
FN:65,(anonymous_2)
FN:79,(anonymous_3)
FN:97,(anonymous_4)
FN:142,(anonymous_5)
FN:202,(anonymous_6)
FN:347,(anonymous_7)
FN:349,(anonymous_8)
FN:363,(anonymous_9)
FN:374,(anonymous_10)
FN:380,(anonymous_11)
FN:401,(anonymous_12)
FN:428,(anonymous_13)
FN:444,(anonymous_14)
FN:445,(anonymous_15)
FN:451,(anonymous_16)
FN:461,(anonymous_17)
FNF:18
FNH:0
FNDA:0,(anonymous_0)
FNDA:0,(anonymous_1)
FNDA:0,(anonymous_2)
FNDA:0,(anonymous_3)
FNDA:0,(anonymous_4)
FNDA:0,(anonymous_5)
FNDA:0,(anonymous_6)
FNDA:0,(anonymous_7)
FNDA:0,(anonymous_8)
FNDA:0,(anonymous_9)
FNDA:0,(anonymous_10)
FNDA:0,(anonymous_11)
FNDA:0,(anonymous_12)
FNDA:0,(anonymous_13)
FNDA:0,(anonymous_14)
FNDA:0,(anonymous_15)
FNDA:0,(anonymous_16)
FNDA:0,(anonymous_17)
DA:34,0
DA:35,0
DA:36,0
DA:37,0
DA:40,0
DA:49,0
DA:50,0
DA:52,0
DA:59,0
DA:66,0
DA:67,0
DA:68,0
DA:70,0
DA:81,0
DA:82,0
DA:86,0
DA:87,0
DA:90,0
DA:92,0
DA:97,0
DA:98,0
DA:99,0
DA:105,0
DA:110,0
DA:112,0
DA:114,0
DA:121,0
DA:130,0
DA:131,0
DA:132,0
DA:133,0
DA:135,0
DA:143,0
DA:144,0
DA:146,0
DA:147,0
DA:148,0
DA:150,0
DA:153,0
DA:154,0
DA:158,0
DA:159,0
DA:160,0
DA:164,0
DA:165,0
DA:167,0
DA:168,0
DA:169,0
DA:173,0
DA:174,0
DA:175,0
DA:177,0
DA:178,0
DA:184,0
DA:186,0
DA:191,0
DA:203,0
DA:205,0
DA:207,0
DA:209,0
DA:210,0
DA:211,0
DA:214,0
DA:217,0
DA:218,0
DA:220,0
DA:221,0
DA:226,0
DA:227,0
DA:229,0
DA:233,0
DA:236,0
DA:237,0
DA:240,0
DA:241,0
DA:242,0
DA:245,0
DA:249,0
DA:250,0
DA:251,0
DA:253,0
DA:254,0
DA:255,0
DA:256,0
DA:260,0
DA:262,0
DA:263,0
DA:269,0
DA:271,0
DA:272,0
DA:274,0
DA:275,0
DA:277,0
DA:285,0
DA:286,0
DA:287,0
DA:295,0
DA:296,0
DA:297,0
DA:298,0
DA:306,0
DA:311,0
DA:319,0
DA:320,0
DA:322,0
DA:323,0
DA:325,0
DA:328,0
DA:329,0
DA:330,0
DA:340,0
DA:348,0
DA:349,0
DA:350,0
DA:354,0
DA:356,0
DA:364,0
DA:365,0
DA:366,0
DA:369,0
DA:371,0
DA:373,0
DA:374,0
DA:375,0
DA:380,0
DA:381,0
DA:384,0
DA:386,0
DA:387,0
DA:392,0
DA:394,0
DA:402,0
DA:404,0
DA:405,0
DA:407,0
DA:429,0
DA:430,0
DA:432,0
DA:445,0
DA:452,0
DA:453,0
DA:454,0
DA:455,0
DA:462,0
DA:463,0
DA:467,0
LF:146
LH:0
BRDA:49,0,0,0
BRDA:49,0,1,0
BRDA:59,1,0,0
BRDA:59,1,1,0
BRDA:81,2,0,0
BRDA:81,2,1,0
BRDA:86,3,0,0
BRDA:86,3,1,0
BRDA:153,4,0,0
BRDA:153,4,1,0
BRDA:153,5,0,0
BRDA:153,5,1,0
BRDA:158,6,0,0
BRDA:158,6,1,0
BRDA:158,7,0,0
BRDA:158,7,1,0
BRDA:164,8,0,0
BRDA:164,8,1,0
BRDA:167,9,0,0
BRDA:167,9,1,0
BRDA:177,10,0,0
BRDA:177,10,1,0
BRDA:209,11,0,0
BRDA:209,11,1,0
BRDA:236,12,0,0
BRDA:236,12,1,0
BRDA:236,13,0,0
BRDA:236,13,1,0
BRDA:240,14,0,0
BRDA:240,14,1,0
BRDA:240,15,0,0
BRDA:240,15,1,0
BRDA:250,16,0,0
BRDA:250,16,1,0
BRDA:253,17,0,0
BRDA:253,17,1,0
BRDA:271,18,0,0
BRDA:271,18,1,0
BRDA:274,19,0,0
BRDA:274,19,1,0
BRDA:295,20,0,0
BRDA:295,20,1,0
BRDA:322,21,0,0
BRDA:322,21,1,0
BRDA:350,22,0,0
BRDA:350,22,1,0
BRDA:350,22,2,0
BRDA:364,23,0,0
BRDA:364,23,1,0
BRDA:375,24,0,0
BRDA:375,24,1,0
BRDA:375,24,2,0
BRDA:402,25,0,0
BRDA:402,25,1,0
BRDA:404,26,0,0
BRDA:404,26,1,0
BRDA:405,27,0,0
BRDA:405,27,1,0
BRDA:409,28,0,0
BRDA:409,28,1,0
BRDA:409,28,2,0
BRDA:409,28,3,0
BRDA:409,28,4,0
BRDA:409,28,5,0
BRDA:409,28,6,0
BRDA:409,28,7,0
BRDA:409,28,8,0
BRDA:409,28,9,0
BRDA:409,28,10,0
BRDA:429,29,0,0
BRDA:429,29,1,0
BRDA:430,30,0,0
BRDA:430,30,1,0
BRDA:433,31,0,0
BRDA:433,31,1,0
BRDA:433,31,2,0
BRDA:433,31,3,0
BRDA:433,31,4,0
BRF:78
BRH:0
end_of_record
TN:
SF:src/services/startupSessionValidator.service.ts
FN:23,(anonymous_0)
FN:33,(anonymous_1)
FN:41,(anonymous_2)
FN:50,(anonymous_3)
FN:58,(anonymous_4)
FN:72,(anonymous_5)
FN:103,(anonymous_6)
FN:243,(anonymous_7)
FN:245,(anonymous_8)
FN:259,(anonymous_9)
FN:270,(anonymous_10)
FN:276,(anonymous_11)
FN:282,(anonymous_12)
FN:288,(anonymous_13)
FN:310,(anonymous_14)
FN:324,(anonymous_15)
FN:339,(anonymous_16)
FNF:17
FNH:0
FNDA:0,(anonymous_0)
FNDA:0,(anonymous_1)
FNDA:0,(anonymous_2)
FNDA:0,(anonymous_3)
FNDA:0,(anonymous_4)
FNDA:0,(anonymous_5)
FNDA:0,(anonymous_6)
FNDA:0,(anonymous_7)
FNDA:0,(anonymous_8)
FNDA:0,(anonymous_9)
FNDA:0,(anonymous_10)
FNDA:0,(anonymous_11)
FNDA:0,(anonymous_12)
FNDA:0,(anonymous_13)
FNDA:0,(anonymous_14)
FNDA:0,(anonymous_15)
FNDA:0,(anonymous_16)
DA:18,0
DA:19,0
DA:20,0
DA:24,0
DA:25,0
DA:27,0
DA:34,0
DA:42,0
DA:43,0
DA:44,0
DA:51,0
DA:60,0
DA:61,0
DA:65,0
DA:66,0
DA:69,0
DA:72,0
DA:73,0
DA:74,0
DA:79,0
DA:81,0
DA:84,0
DA:85,0
DA:86,0
DA:89,0
DA:90,0
DA:94,0
DA:95,0
DA:96,0
DA:97,0
DA:99,0
DA:104,0
DA:106,0
DA:108,0
DA:110,0
DA:111,0
DA:112,0
DA:115,0
DA:118,0
DA:119,0
DA:121,0
DA:122,0
DA:127,0
DA:128,0
DA:130,0
DA:136,0
DA:137,0
DA:138,0
DA:141,0
DA:142,0
DA:143,0
DA:146,0
DA:147,0
DA:152,0
DA:153,0
DA:154,0
DA:156,0
DA:160,0
DA:161,0
DA:162,0
DA:164,0
DA:165,0
DA:169,0
DA:170,0
DA:174,0
DA:176,0
DA:177,0
DA:183,0
DA:185,0
DA:186,0
DA:188,0
DA:189,0
DA:193,0
DA:196,0
DA:199,0
DA:200,0
DA:203,0
DA:204,0
DA:205,0
DA:206,0
DA:209,0
DA:214,0
DA:217,0
DA:218,0
DA:220,0
DA:221,0
DA:222,0
DA:225,0
DA:228,0
DA:229,0
DA:233,0
DA:235,0
DA:236,0
DA:244,0
DA:245,0
DA:246,0
DA:250,0
DA:252,0
DA:261,0
DA:262,0
DA:263,0
DA:266,0
DA:268,0
DA:270,0
DA:271,0
DA:276,0
DA:277,0
DA:278,0
DA:282,0
DA:283,0
DA:288,0
DA:289,0
DA:293,0
DA:294,0
DA:297,0
DA:300,0
DA:303,0
DA:311,0
DA:312,0
DA:325,0
DA:326,0
DA:340,0
DA:341,0
DA:342,0
DA:343,0
DA:347,0
LF:126
LH:0
BRDA:24,0,0,0
BRDA:24,0,1,0
BRDA:34,1,0,0
BRDA:34,1,1,0
BRDA:60,2,0,0
BRDA:60,2,1,0
BRDA:65,3,0,0
BRDA:65,3,1,0
BRDA:84,4,0,0
BRDA:84,4,1,0
BRDA:110,5,0,0
BRDA:110,5,1,0
BRDA:136,6,0,0
BRDA:136,6,1,0
BRDA:146,7,0,0
BRDA:146,7,1,0
BRDA:146,8,0,0
BRDA:146,8,1,0
BRDA:152,9,0,0
BRDA:152,9,1,0
BRDA:161,10,0,0
BRDA:161,10,1,0
BRDA:164,11,0,0
BRDA:164,11,1,0
BRDA:185,12,0,0
BRDA:185,12,1,0
BRDA:188,13,0,0
BRDA:188,13,1,0
BRDA:203,14,0,0
BRDA:203,14,1,0
BRDA:220,15,0,0
BRDA:220,15,1,0
BRDA:246,16,0,0
BRDA:246,16,1,0
BRDA:246,16,2,0
BRDA:261,17,0,0
BRDA:261,17,1,0
BRDA:271,18,0,0
BRDA:271,18,1,0
BRDA:271,18,2,0
BRDA:283,19,0,0
BRDA:283,19,1,0
BRDA:283,19,2,0
BRDA:311,20,0,0
BRDA:311,20,1,0
BRDA:313,21,0,0
BRDA:313,21,1,0
BRDA:313,21,2,0
BRDA:313,21,3,0
BRDA:313,21,4,0
BRDA:325,22,0,0
BRDA:325,22,1,0
BRDA:327,23,0,0
BRDA:327,23,1,0
BRDA:327,23,2,0
BRDA:327,23,3,0
BRDA:327,23,4,0
BRDA:327,23,5,0
BRF:58
BRH:0
end_of_record
TN:
SF:src/services/storageManager.service.ts
FN:157,(anonymous_0)
FN:213,(anonymous_1)
FN:213,(anonymous_2)
FN:214,(anonymous_3)
FN:214,(anonymous_4)
FN:215,(anonymous_5)
FN:217,(anonymous_6)
FN:218,(anonymous_7)
FN:219,(anonymous_8)
FN:251,(anonymous_9)
FN:276,(anonymous_10)
FN:339,(anonymous_11)
FN:357,(anonymous_12)
FN:378,(anonymous_13)
FN:406,(anonymous_14)
FN:414,(anonymous_15)
FN:422,(anonymous_16)
FN:431,(anonymous_17)
FN:432,(anonymous_18)
FN:446,(anonymous_19)
FN:481,(anonymous_20)
FN:500,(anonymous_21)
FN:529,(anonymous_22)
FN:549,(anonymous_23)
FN:576,(anonymous_24)
FN:581,(anonymous_25)
FNF:26
FNH:23
FNDA:1,(anonymous_0)
FNDA:41,(anonymous_1)
FNDA:38,(anonymous_2)
FNDA:41,(anonymous_3)
FNDA:3,(anonymous_4)
FNDA:38,(anonymous_5)
FNDA:1,(anonymous_6)
FNDA:1,(anonymous_7)
FNDA:2,(anonymous_8)
FNDA:1,(anonymous_9)
FNDA:8,(anonymous_10)
FNDA:1,(anonymous_11)
FNDA:1,(anonymous_12)
FNDA:1,(anonymous_13)
FNDA:1,(anonymous_14)
FNDA:3,(anonymous_15)
FNDA:0,(anonymous_16)
FNDA:0,(anonymous_17)
FNDA:0,(anonymous_18)
FNDA:1,(anonymous_19)
FNDA:1,(anonymous_20)
FNDA:1,(anonymous_21)
FNDA:1,(anonymous_22)
FNDA:41,(anonymous_23)
FNDA:1,(anonymous_24)
FNDA:1,(anonymous_25)
DA:57,1
DA:58,1
DA:61,1
DA:158,38
DA:160,38
DA:161,38
DA:162,38
DA:163,38
DA:164,38
DA:167,38
DA:168,38
DA:169,38
DA:170,38
DA:171,38
DA:172,38
DA:174,38
DA:175,38
DA:177,38
DA:178,30
DA:180,38
DA:183,38
DA:184,11
DA:190,38
DA:191,3
DA:192,3
DA:193,3
DA:194,3
DA:195,3
DA:197,3
DA:198,3
DA:200,3
DA:201,2
DA:203,3
DA:206,3
DA:207,0
DA:213,41
DA:214,41
DA:215,38
DA:217,38
DA:218,1
DA:219,2
DA:220,1
DA:221,1
DA:225,38
DA:227,38
DA:236,38
DA:245,38
DA:256,8
DA:263,8
DA:265,8
DA:266,8
DA:267,8
DA:269,8
DA:271,8
DA:274,8
DA:278,8
DA:279,4
DA:283,4
DA:284,0
DA:285,0
DA:289,4
DA:290,0
DA:293,4
DA:297,8
DA:298,4
DA:299,4
DA:300,2
DA:301,1
DA:303,1
DA:307,4
DA:308,4
DA:310,0
DA:311,0
DA:312,0
DA:317,8
DA:318,2
DA:321,8
DA:328,8
DA:330,0
DA:331,0
DA:332,0
DA:340,2
DA:342,2
DA:343,1
DA:344,1
DA:345,1
DA:346,1
DA:350,1
DA:358,1
DA:361,1
DA:368,1
DA:369,1
DA:371,1
DA:372,1
DA:384,4
DA:385,4
DA:386,4
DA:388,4
DA:395,4
DA:407,3
DA:409,3
DA:411,3
DA:412,3
DA:414,3
DA:415,3
DA:416,3
DA:419,3
DA:422,3
DA:423,0
DA:427,3
DA:430,3
DA:431,0
DA:432,0
DA:433,0
DA:438,3
DA:440,0
DA:448,41
DA:449,357
DA:450,41
DA:451,2
DA:459,316
DA:460,14
DA:471,25
DA:472,25
DA:482,25
DA:483,4
DA:485,21
DA:486,0
DA:488,21
DA:489,0
DA:491,21
DA:492,3
DA:494,18
DA:495,1
DA:497,17
DA:501,41
DA:503,41
DA:505,41
DA:506,9
DA:507,9
DA:508,2
DA:513,39
DA:514,39
DA:515,19
DA:516,10
DA:517,10
DA:518,9
DA:526,30
DA:535,38
DA:536,38
DA:539,38
DA:540,1
DA:541,1
DA:544,38
DA:545,1
DA:546,1
DA:549,41
DA:550,38
DA:551,0
DA:552,0
DA:555,38
DA:556,0
DA:557,0
DA:561,38
DA:563,38
DA:564,36
DA:565,2
DA:566,2
DA:567,0
DA:568,0
DA:570,0
DA:573,38
DA:577,4
DA:578,4
DA:582,2
DA:586,2
LF:176
LH:152
BRDA:169,0,0,38
BRDA:169,0,1,0
BRDA:171,1,0,38
BRDA:171,1,1,0
BRDA:177,2,0,30
BRDA:177,2,1,8
BRDA:183,3,0,11
BRDA:183,3,1,27
BRDA:192,4,0,3
BRDA:192,4,1,0
BRDA:194,5,0,3
BRDA:194,5,1,0
BRDA:200,6,0,2
BRDA:200,6,1,1
BRDA:206,7,0,0
BRDA:206,7,1,3
BRDA:218,8,0,1
BRDA:218,8,1,1
BRDA:219,9,0,2
BRDA:219,9,1,2
BRDA:220,10,0,1
BRDA:220,10,1,0
BRDA:221,11,0,1
BRDA:221,11,1,0
BRDA:251,12,0,8
BRDA:259,13,0,8
BRDA:260,14,0,8
BRDA:261,15,0,8
BRDA:262,16,0,8
BRDA:278,17,0,4
BRDA:278,17,1,4
BRDA:283,18,0,0
BRDA:283,18,1,4
BRDA:283,19,0,4
BRDA:283,19,1,4
BRDA:289,20,0,0
BRDA:289,20,1,4
BRDA:289,21,0,4
BRDA:289,21,1,0
BRDA:299,22,0,2
BRDA:299,22,1,2
BRDA:300,23,0,1
BRDA:300,23,1,1
BRDA:317,24,0,2
BRDA:317,24,1,6
BRDA:317,25,0,8
BRDA:317,25,1,6
BRDA:342,26,0,1
BRDA:342,26,1,1
BRDA:345,27,0,1
BRDA:345,27,1,0
BRDA:390,28,0,0
BRDA:390,28,1,4
BRDA:391,29,0,0
BRDA:391,29,1,4
BRDA:392,30,0,0
BRDA:392,30,1,4
BRDA:416,31,0,0
BRDA:416,31,1,3
BRDA:430,32,0,0
BRDA:430,32,1,3
BRDA:449,33,0,41
BRDA:449,33,1,316
BRDA:450,34,0,2
BRDA:450,34,1,39
BRDA:450,35,0,41
BRDA:450,35,1,2
BRDA:459,36,0,14
BRDA:459,36,1,302
BRDA:459,37,0,316
BRDA:459,37,1,14
BRDA:482,38,0,4
BRDA:482,38,1,21
BRDA:482,39,0,25
BRDA:482,39,1,25
BRDA:482,39,2,23
BRDA:485,40,0,0
BRDA:485,40,1,21
BRDA:488,41,0,0
BRDA:488,41,1,21
BRDA:488,42,0,21
BRDA:488,42,1,21
BRDA:491,43,0,3
BRDA:491,43,1,18
BRDA:491,44,0,21
BRDA:491,44,1,20
BRDA:494,45,0,1
BRDA:494,45,1,17
BRDA:501,46,0,0
BRDA:501,46,1,41
BRDA:505,47,0,9
BRDA:505,47,1,32
BRDA:505,48,0,41
BRDA:505,48,1,33
BRDA:507,49,0,2
BRDA:507,49,1,7
BRDA:507,50,0,9
BRDA:507,50,1,3
BRDA:514,51,0,19
BRDA:514,51,1,20
BRDA:514,52,0,39
BRDA:514,52,1,23
BRDA:515,53,0,10
BRDA:515,53,1,9
BRDA:515,54,0,19
BRDA:515,54,1,11
BRDA:515,54,2,10
BRDA:516,55,0,10
BRDA:516,55,1,2
BRDA:516,55,2,1
BRDA:517,56,0,9
BRDA:517,56,1,1
BRDA:539,57,0,1
BRDA:539,57,1,37
BRDA:544,58,0,1
BRDA:544,58,1,37
BRDA:550,59,0,0
BRDA:550,59,1,38
BRDA:555,60,0,0
BRDA:555,60,1,38
BRDA:563,61,0,36
BRDA:563,61,1,2
BRDA:565,62,0,2
BRDA:565,62,1,0
BRDA:565,63,0,2
BRDA:565,63,1,2
BRDA:567,64,0,0
BRDA:567,64,1,0
BRDA:567,65,0,0
BRDA:567,65,1,0
BRF:130
BRH:104
end_of_record
TN:
SF:src/services/tokenPersistenceGateway.service.ts
FN:26,(anonymous_0)
FN:38,(anonymous_1)
FN:61,(anonymous_2)
FN:62,(anonymous_3)
FN:81,(anonymous_4)
FN:82,(anonymous_5)
FN:107,(anonymous_6)
FN:110,(anonymous_7)
FN:135,(anonymous_8)
FN:142,(anonymous_9)
FN:155,(anonymous_10)
FN:159,(anonymous_11)
FN:164,(anonymous_12)
FN:175,(anonymous_13)
FN:182,(anonymous_14)
FNF:15
FNH:0
FNDA:0,(anonymous_0)
FNDA:0,(anonymous_1)
FNDA:0,(anonymous_2)
FNDA:0,(anonymous_3)
FNDA:0,(anonymous_4)
FNDA:0,(anonymous_5)
FNDA:0,(anonymous_6)
FNDA:0,(anonymous_7)
FNDA:0,(anonymous_8)
FNDA:0,(anonymous_9)
FNDA:0,(anonymous_10)
FNDA:0,(anonymous_11)
FNDA:0,(anonymous_12)
FNDA:0,(anonymous_13)
FNDA:0,(anonymous_14)
DA:17,0
DA:18,0
DA:19,0
DA:22,0
DA:23,0
DA:24,0
DA:27,0
DA:28,0
DA:30,0
DA:39,0
DA:40,0
DA:42,0
DA:48,0
DA:49,0
DA:51,0
DA:54,0
DA:55,0
DA:61,0
DA:62,0
DA:65,0
DA:66,0
DA:67,0
DA:68,0
DA:69,0
DA:71,0
DA:72,0
DA:74,0
DA:75,0
DA:79,0
DA:81,0
DA:82,0
DA:83,0
DA:85,0
DA:86,0
DA:87,0
DA:88,0
DA:89,0
DA:90,0
DA:93,0
DA:94,0
DA:95,0
DA:97,0
DA:98,0
DA:108,0
DA:110,0
DA:111,0
DA:114,0
DA:115,0
DA:118,0
DA:119,0
DA:120,0
DA:123,0
DA:125,0
DA:127,0
DA:128,0
DA:136,0
DA:139,0
DA:140,0
DA:142,0
DA:143,0
DA:144,0
DA:146,0
DA:156,0
DA:158,0
DA:159,0
DA:162,0
DA:164,0
DA:165,0
DA:166,0
DA:167,0
DA:176,0
DA:183,0
DA:184,0
DA:188,0
LF:74
LH:0
BRDA:27,0,0,0
BRDA:27,0,1,0
BRDA:38,1,0,0
BRDA:51,2,0,0
BRDA:51,2,1,0
BRDA:85,3,0,0
BRDA:85,3,1,0
BRDA:93,4,0,0
BRDA:93,4,1,0
BRDA:111,5,0,0
BRDA:111,5,1,0
BRDA:114,6,0,0
BRDA:114,6,1,0
BRDA:119,7,0,0
BRDA:119,7,1,0
BRDA:156,8,0,0
BRDA:156,8,1,0
BRDA:166,9,0,0
BRDA:166,9,1,0
BRF:19
BRH:0
end_of_record
TN:
SF:src/services/trackGenre.service.ts
FN:35,(anonymous_0)
FN:55,(anonymous_1)
FN:74,(anonymous_2)
FN:91,(anonymous_3)
FN:110,(anonymous_4)
FN:140,(anonymous_5)
FN:155,(anonymous_6)
FN:174,(anonymous_7)
FN:178,(anonymous_8)
FN:191,(anonymous_9)
FN:218,(anonymous_10)
FNF:11
FNH:0
FNDA:0,(anonymous_0)
FNDA:0,(anonymous_1)
FNDA:0,(anonymous_2)
FNDA:0,(anonymous_3)
FNDA:0,(anonymous_4)
FNDA:0,(anonymous_5)
FNDA:0,(anonymous_6)
FNDA:0,(anonymous_7)
FNDA:0,(anonymous_8)
FNDA:0,(anonymous_9)
FNDA:0,(anonymous_10)
DA:36,0
DA:44,0
DA:45,0
DA:46,0
DA:49,0
DA:56,0
DA:63,0
DA:64,0
DA:65,0
DA:68,0
DA:76,0
DA:83,0
DA:88,0
DA:89,0
DA:90,0
DA:91,0
DA:92,0
DA:93,0
DA:97,0
DA:98,0
DA:101,0
DA:117,0
DA:119,0
DA:129,0
DA:130,0
DA:131,0
DA:134,0
DA:141,0
DA:146,0
DA:147,0
DA:148,0
DA:156,0
DA:163,0
DA:164,0
DA:165,0
DA:168,0
DA:175,0
DA:177,0
DA:178,0
DA:179,0
DA:180,0
DA:182,0
DA:185,0
DA:196,0
DA:198,0
DA:207,0
DA:208,0
DA:209,0
DA:212,0
DA:219,0
DA:224,0
DA:225,0
DA:226,0
LF:53
LH:0
BRDA:44,0,0,0
BRDA:44,0,1,0
BRDA:49,1,0,0
BRDA:49,1,1,0
BRDA:63,2,0,0
BRDA:63,2,1,0
BRDA:68,3,0,0
BRDA:68,3,1,0
BRDA:89,4,0,0
BRDA:89,4,1,0
BRDA:89,5,0,0
BRDA:89,5,1,0
BRDA:92,6,0,0
BRDA:92,6,1,0
BRDA:102,7,0,0
BRDA:102,7,1,0
BRDA:123,8,0,0
BRDA:123,8,1,0
BRDA:124,9,0,0
BRDA:124,9,1,0
BRDA:129,10,0,0
BRDA:129,10,1,0
BRDA:146,11,0,0
BRDA:146,11,1,0
BRDA:163,12,0,0
BRDA:163,12,1,0
BRDA:168,13,0,0
BRDA:168,13,1,0
BRDA:179,14,0,0
BRDA:179,14,1,0
BRDA:207,15,0,0
BRDA:207,15,1,0
BRDA:224,16,0,0
BRDA:224,16,1,0
BRF:34
BRH:0
end_of_record
TN:
SF:src/services/trackMatching.service.ts
FN:30,(anonymous_0)
FN:39,(anonymous_1)
FN:49,(anonymous_2)
FN:82,(anonymous_3)
FN:113,(anonymous_4)
FN:120,(anonymous_5)
FN:136,(anonymous_6)
FN:159,(anonymous_7)
FN:169,(anonymous_8)
FN:189,(anonymous_9)
FN:201,(anonymous_10)
FNF:11
FNH:11
FNDA:1,(anonymous_0)
FNDA:1,(anonymous_1)
FNDA:1,(anonymous_2)
FNDA:1,(anonymous_3)
FNDA:1,(anonymous_4)
FNDA:1,(anonymous_5)
FNDA:1,(anonymous_6)
FNDA:1,(anonymous_7)
FNDA:5,(anonymous_8)
FNDA:1,(anonymous_9)
FNDA:4,(anonymous_10)
DA:31,12
DA:32,11
DA:40,12
DA:42,11
DA:55,0
DA:56,0
DA:59,0
DA:60,0
DA:69,0
DA:73,0
DA:83,0
DA:84,0
DA:85,0
DA:87,0
DA:88,0
DA:91,0
DA:92,0
DA:95,0
DA:96,0
DA:97,0
DA:98,0
DA:109,0
DA:114,0
DA:115,0
DA:116,0
DA:121,9
DA:127,9
DA:128,1
DA:131,8
DA:132,9
DA:137,10
DA:143,10
DA:144,2
DA:147,10
DA:149,10
DA:150,1
DA:153,9
DA:154,10
DA:155,10
DA:160,6
DA:165,6
DA:168,6
DA:170,5
DA:174,6
DA:175,7
DA:177,7
DA:178,3
DA:185,6
DA:190,3
DA:197,3
DA:198,1
DA:201,4
DA:202,3
LF:53
LH:32
BRDA:31,0,0,1
BRDA:31,0,1,11
BRDA:40,1,0,1
BRDA:40,1,1,11
BRDA:59,2,0,0
BRDA:59,2,1,0
BRDA:69,3,0,0
BRDA:69,3,1,0
BRDA:69,4,0,0
BRDA:69,4,1,0
BRDA:97,5,0,0
BRDA:97,5,1,0
BRDA:116,6,0,0
BRDA:116,6,1,0
BRDA:127,7,0,1
BRDA:127,7,1,8
BRDA:131,8,0,8
BRDA:131,8,1,2
BRDA:132,9,0,9
BRDA:132,9,1,1
BRDA:143,10,0,2
BRDA:143,10,1,8
BRDA:143,11,0,10
BRDA:143,11,1,3
BRDA:149,12,0,1
BRDA:149,12,1,9
BRDA:153,13,0,2
BRDA:153,13,1,7
BRDA:153,14,0,9
BRDA:153,14,1,3
BRDA:154,15,0,10
BRDA:154,15,1,0
BRDA:155,16,0,10
BRDA:155,16,1,0
BRDA:177,17,0,3
BRDA:177,17,1,4
BRDA:197,18,0,1
BRDA:197,18,1,2
BRDA:201,19,0,2
BRDA:201,19,1,1
BRF:40
BRH:28
end_of_record
TN:
SF:src/services/user.service.ts
FN:33,(anonymous_0)
FN:57,(anonymous_1)
FN:82,(anonymous_2)
FN:106,(anonymous_3)
FN:129,(anonymous_4)
FN:154,(anonymous_5)
FN:177,(anonymous_6)
FNF:7
FNH:0
FNDA:0,(anonymous_0)
FNDA:0,(anonymous_1)
FNDA:0,(anonymous_2)
FNDA:0,(anonymous_3)
FNDA:0,(anonymous_4)
FNDA:0,(anonymous_5)
FNDA:0,(anonymous_6)
DA:34,0
DA:35,0
DA:41,0
DA:46,0
DA:47,0
DA:58,0
DA:59,0
DA:66,0
DA:71,0
DA:72,0
DA:83,0
DA:84,0
DA:90,0
DA:95,0
DA:96,0
DA:107,0
DA:108,0
DA:113,0
DA:118,0
DA:119,0
DA:130,0
DA:131,0
DA:138,0
DA:143,0
DA:144,0
DA:155,0
DA:156,0
DA:161,0
DA:166,0
DA:167,0
DA:178,0
DA:179,0
DA:184,0
DA:189,0
DA:190,0
LF:35
LH:0
BRDA:91,0,0,0
BRDA:91,0,1,0
BRDA:114,1,0,0
BRDA:114,1,1,0
BRDA:139,2,0,0
BRDA:139,2,1,0
BRF:6
BRH:0
end_of_record
TN:
SF:src/utils/debugHelpers.ts
FN:8,(anonymous_0)
FN:21,(anonymous_1)
FN:33,(anonymous_2)
FN:44,(anonymous_3)
FN:68,(anonymous_4)
FN:118,(anonymous_5)
FN:159,(anonymous_6)
FN:163,(anonymous_7)
FN:171,(anonymous_8)
FN:174,(anonymous_9)
FN:182,(anonymous_10)
FN:190,(anonymous_11)
FNF:12
FNH:0
FNDA:0,(anonymous_0)
FNDA:0,(anonymous_1)
FNDA:0,(anonymous_2)
FNDA:0,(anonymous_3)
FNDA:0,(anonymous_4)
FNDA:0,(anonymous_5)
FNDA:0,(anonymous_6)
FNDA:0,(anonymous_7)
FNDA:0,(anonymous_8)
FNDA:0,(anonymous_9)
FNDA:0,(anonymous_10)
FNDA:0,(anonymous_11)
DA:9,0
DA:12,0
DA:13,0
DA:20,0
DA:21,0
DA:22,0
DA:24,0
DA:26,0
DA:28,0
DA:29,0
DA:30,0
DA:33,0
DA:36,0
DA:37,0
DA:43,0
DA:44,0
DA:45,0
DA:47,0
DA:49,0
DA:57,0
DA:58,0
DA:69,0
DA:72,0
DA:78,0
DA:81,0
DA:82,0
DA:89,0
DA:90,0
DA:95,0
DA:100,0
DA:104,0
DA:105,0
DA:107,0
DA:119,0
DA:121,0
DA:122,0
DA:124,0
DA:125,0
DA:126,0
DA:130,0
DA:137,0
DA:142,0
DA:148,0
DA:149,0
DA:160,0
DA:163,0
DA:164,0
DA:170,0
DA:171,0
DA:174,0
DA:175,0
DA:181,0
DA:182,0
DA:184,0
DA:191,0
DA:193,0
DA:200,0
DA:201,0
DA:206,0
LF:59
LH:0
BRDA:22,0,0,0
BRDA:22,0,1,0
BRDA:22,0,2,0
BRDA:45,1,0,0
BRDA:45,1,1,0
BRDA:45,1,2,0
BRDA:124,2,0,0
BRDA:124,2,1,0
BRDA:164,3,0,0
BRDA:164,3,1,0
BRDA:164,3,2,0
BRDA:164,3,3,0
BRDA:175,4,0,0
BRDA:175,4,1,0
BRDA:175,4,2,0
BRDA:175,4,3,0
BRF:16
BRH:0
end_of_record
TN:
SF:src/utils/featureFlags.ts
FN:42,(anonymous_0)
FN:58,(anonymous_1)
FN:65,(anonymous_2)
FN:72,(anonymous_3)
FN:79,(anonymous_4)
FN:91,(anonymous_5)
FN:38,(anonymous_6)
FNF:7
FNH:7
FNDA:18,(anonymous_0)
FNDA:8,(anonymous_1)
FNDA:7,(anonymous_2)
FNDA:3,(anonymous_3)
FNDA:6,(anonymous_4)
FNDA:3,(anonymous_5)
FNDA:18,(anonymous_6)
DA:28,18
DA:30,18
DA:36,18
DA:39,18
DA:43,18
DA:44,18
DA:45,18
DA:46,6
DA:47,6
DA:52,13
DA:59,8
DA:66,7
DA:73,3
DA:80,6
DA:81,6
DA:82,6
DA:92,3
DA:93,3
DA:94,3
DA:101,18
LF:20
LH:20
BRDA:45,0,0,6
BRDA:45,0,1,12
BRF:2
BRH:2
end_of_record
TN:
SF:src/utils/fileHash.ts
FN:4,(anonymous_0)
FN:8,(anonymous_1)
FNF:2
FNH:2
FNDA:7,(anonymous_0)
FNDA:224,(anonymous_1)
DA:4,1
DA:5,7
DA:6,7
DA:7,7
DA:8,224
LF:5
LH:5
BRF:0
BRH:0
end_of_record
TN:
SF:src/utils/linkUtils.ts
FN:11,(anonymous_0)
FN:30,(anonymous_1)
FN:66,(anonymous_2)
FN:97,(anonymous_3)
FN:108,(anonymous_4)
FNF:5
FNH:0
FNDA:0,(anonymous_0)
FNDA:0,(anonymous_1)
FNDA:0,(anonymous_2)
FNDA:0,(anonymous_3)
FNDA:0,(anonymous_4)
DA:11,0
DA:12,0
DA:14,0
DA:17,0
DA:19,0
DA:20,0
DA:21,0
DA:22,0
DA:25,0
DA:26,0
DA:27,0
DA:30,0
DA:32,0
DA:33,0
DA:35,0
DA:42,0
DA:45,0
DA:47,0
DA:50,0
DA:51,0
DA:53,0
DA:59,0
DA:66,0
DA:67,0
DA:69,0
DA:70,0
DA:71,0
DA:75,0
DA:76,0
DA:77,0
DA:78,0
DA:79,0
DA:80,0
DA:81,0
DA:82,0
DA:84,0
DA:85,0
DA:87,0
DA:89,0
DA:90,0
DA:97,0
DA:98,0
DA:99,0
DA:101,0
DA:108,0
DA:109,0
LF:46
LH:0
BRDA:17,0,0,0
BRDA:17,0,1,0
BRDA:17,1,0,0
BRDA:17,1,1,0
BRDA:17,1,2,0
BRDA:69,2,0,0
BRDA:69,2,1,0
BRDA:69,3,0,0
BRDA:69,3,1,0
BRF:9
BRH:0
end_of_record
TN:
SF:src/utils/logger.ts
FN:34,(anonymous_0)
FN:41,(anonymous_1)
FN:48,(anonymous_2)
FN:55,(anonymous_3)
FN:59,(anonymous_4)
FN:66,(anonymous_5)
FN:71,(anonymous_6)
FN:97,(anonymous_7)
FN:104,(anonymous_8)
FN:111,(anonymous_9)
FN:118,(anonymous_10)
FN:125,(anonymous_11)
FN:131,(anonymous_12)
FN:135,(anonymous_13)
FN:139,(anonymous_14)
FN:143,(anonymous_15)
FNF:16
FNH:16
FNDA:1,(anonymous_0)
FNDA:39,(anonymous_1)
FNDA:28,(anonymous_2)
FNDA:23,(anonymous_3)
FNDA:176,(anonymous_4)
FNDA:157,(anonymous_5)
FNDA:176,(anonymous_6)
FNDA:34,(anonymous_7)
FNDA:75,(anonymous_8)
FNDA:41,(anonymous_9)
FNDA:4,(anonymous_10)
FNDA:4,(anonymous_11)
FNDA:4,(anonymous_12)
FNDA:5,(anonymous_13)
FNDA:5,(anonymous_14)
FNDA:4,(anonymous_15)
DA:17,38
DA:25,38
DA:35,1
DA:42,39
DA:49,28
DA:56,23
DA:60,176
DA:61,165
DA:62,163
DA:63,157
DA:67,157
DA:68,157
DA:72,176
DA:74,157
DA:76,157
DA:78,2
DA:79,2
DA:81,142
DA:82,142
DA:84,7
DA:85,7
DA:87,6
DA:88,6
DA:98,34
DA:105,75
DA:112,41
DA:119,4
DA:126,4
DA:132,4
DA:136,5
DA:140,5
DA:144,4
DA:149,38
LF:33
LH:33
BRDA:60,0,0,11
BRDA:60,0,1,165
BRDA:61,1,0,2
BRDA:61,1,1,163
BRDA:62,2,0,6
BRDA:62,2,1,157
BRDA:72,3,0,19
BRDA:72,3,1,157
BRDA:76,4,0,157
BRDA:76,4,1,142
BRDA:76,4,2,7
BRDA:76,4,3,6
BRDA:78,5,0,1
BRDA:78,5,1,1
BRDA:81,6,0,66
BRDA:81,6,1,76
BRDA:84,7,0,2
BRDA:84,7,1,5
BRDA:87,8,0,4
BRDA:87,8,1,2
BRDA:97,9,0,34
BRDA:104,10,0,75
BRDA:111,11,0,41
BRDA:118,12,0,4
BRDA:125,13,0,4
BRF:25
BRH:25
end_of_record
TN:
SF:src/utils/promiseUtils.ts
FN:8,(anonymous_0)
FN:15,(anonymous_1)
FN:16,(anonymous_2)
FNF:3
FNH:3
FNDA:11,(anonymous_0)
FNDA:11,(anonymous_1)
FNDA:2,(anonymous_2)
DA:8,1
DA:13,11
DA:16,11
LF:3
LH:3
BRDA:11,0,0,11
BRF:1
BRH:1
end_of_record
TN:
SF:src/utils/reloadDebugger.ts
FN:33,(anonymous_0)
FN:60,(anonymous_1)
FN:78,(anonymous_2)
FN:94,(anonymous_3)
FN:127,(anonymous_4)
FN:143,(anonymous_5)
FN:166,(anonymous_6)
FN:201,(anonymous_7)
FN:223,(anonymous_8)
FN:245,(anonymous_9)
FN:261,(anonymous_10)
FN:278,(anonymous_11)
FN:282,(anonymous_12)
FN:307,(anonymous_13)
FN:320,(anonymous_14)
FN:337,(anonymous_15)
FN:343,(anonymous_16)
FN:344,(anonymous_17)
FN:353,(anonymous_18)
FN:354,(anonymous_19)
FN:355,(anonymous_20)
FN:361,(anonymous_21)
FN:364,(anonymous_22)
FN:378,(anonymous_23)
FN:379,(anonymous_24)
FN:388,(anonymous_25)
FN:398,(anonymous_26)
FN:407,(anonymous_27)
FN:408,(anonymous_28)
FN:422,(anonymous_29)
FN:429,(anonymous_30)
FN:439,(anonymous_31)
FNF:32
FNH:0
FNDA:0,(anonymous_0)
FNDA:0,(anonymous_1)
FNDA:0,(anonymous_2)
FNDA:0,(anonymous_3)
FNDA:0,(anonymous_4)
FNDA:0,(anonymous_5)
FNDA:0,(anonymous_6)
FNDA:0,(anonymous_7)
FNDA:0,(anonymous_8)
FNDA:0,(anonymous_9)
FNDA:0,(anonymous_10)
FNDA:0,(anonymous_11)
FNDA:0,(anonymous_12)
FNDA:0,(anonymous_13)
FNDA:0,(anonymous_14)
FNDA:0,(anonymous_15)
FNDA:0,(anonymous_16)
FNDA:0,(anonymous_17)
FNDA:0,(anonymous_18)
FNDA:0,(anonymous_19)
FNDA:0,(anonymous_20)
FNDA:0,(anonymous_21)
FNDA:0,(anonymous_22)
FNDA:0,(anonymous_23)
FNDA:0,(anonymous_24)
FNDA:0,(anonymous_25)
FNDA:0,(anonymous_26)
FNDA:0,(anonymous_27)
FNDA:0,(anonymous_28)
FNDA:0,(anonymous_29)
FNDA:0,(anonymous_30)
FNDA:0,(anonymous_31)
DA:26,0
DA:27,0
DA:28,0
DA:34,0
DA:37,0
DA:38,0
DA:39,0
DA:41,0
DA:43,0
DA:44,0
DA:50,0
DA:51,0
DA:57,0
DA:60,0
DA:61,0
DA:64,0
DA:65,0
DA:68,0
DA:79,0
DA:81,0
DA:88,0
DA:95,0
DA:96,0
DA:97,0
DA:98,0
DA:99,0
DA:100,0
DA:106,0
DA:112,0
DA:117,0
DA:119,0
DA:120,0
DA:128,0
DA:130,0
DA:131,0
DA:132,0
DA:136,0
DA:144,0
DA:145,0
DA:146,0
DA:149,0
DA:158,0
DA:160,0
DA:174,0
DA:193,0
DA:195,0
DA:202,0
DA:204,0
DA:205,0
DA:206,0
DA:207,0
DA:208,0
DA:209,0
DA:214,0
DA:217,0
DA:224,0
DA:226,0
DA:227,0
DA:228,0
DA:229,0
DA:230,0
DA:231,0
DA:236,0
DA:239,0
DA:246,0
DA:248,0
DA:249,0
DA:250,0
DA:251,0
DA:255,0
DA:262,0
DA:263,0
DA:265,0
DA:266,0
DA:267,0
DA:268,0
DA:272,0
DA:279,0
DA:281,0
DA:282,0
DA:284,0
DA:285,0
DA:286,0
DA:287,0
DA:288,0
DA:298,0
DA:300,0
DA:308,0
DA:310,0
DA:311,0
DA:313,0
DA:321,0
DA:322,0
DA:325,0
DA:327,0
DA:337,0
DA:343,0
DA:344,0
DA:354,0
DA:355,0
DA:357,0
DA:358,0
DA:361,0
DA:362,0
DA:364,0
DA:365,0
DA:368,0
DA:378,0
DA:379,0
DA:389,0
DA:392,0
DA:393,0
DA:394,0
DA:398,0
DA:399,0
DA:402,0
DA:403,0
DA:407,0
DA:408,0
DA:409,0
DA:410,0
DA:411,0
DA:412,0
DA:416,0
DA:423,0
DA:430,0
DA:431,0
DA:432,0
DA:433,0
DA:440,0
DA:441,0
DA:442,0
DA:444,0
DA:445,0
DA:451,0
LF:135
LH:0
BRDA:41,0,0,0
BRDA:41,0,1,0
BRDA:41,1,0,0
BRDA:41,1,1,0
BRDA:97,2,0,0
BRDA:97,2,1,0
BRDA:99,3,0,0
BRDA:99,3,1,0
BRDA:102,4,0,0
BRDA:102,4,1,0
BRDA:128,5,0,0
BRDA:128,5,1,0
BRDA:143,6,0,0
BRDA:144,7,0,0
BRDA:144,7,1,0
BRDA:188,8,0,0
BRDA:188,8,1,0
BRDA:189,9,0,0
BRDA:189,9,1,0
BRDA:207,10,0,0
BRDA:207,10,1,0
BRDA:208,11,0,0
BRDA:208,11,1,0
BRDA:208,12,0,0
BRDA:208,12,1,0
BRDA:208,12,2,0
BRDA:229,13,0,0
BRDA:229,13,1,0
BRDA:230,14,0,0
BRDA:230,14,1,0
BRDA:230,15,0,0
BRDA:230,15,1,0
BRDA:230,15,2,0
BRDA:230,15,3,0
BRDA:246,16,0,0
BRDA:246,16,1,0
BRDA:250,17,0,0
BRDA:250,17,1,0
BRDA:250,18,0,0
BRDA:250,18,1,0
BRDA:250,18,2,0
BRDA:262,19,0,0
BRDA:262,19,1,0
BRDA:267,20,0,0
BRDA:267,20,1,0
BRDA:267,21,0,0
BRDA:267,21,1,0
BRDA:267,21,2,0
BRDA:267,21,3,0
BRDA:284,22,0,0
BRDA:284,22,1,0
BRDA:286,23,0,0
BRDA:286,23,1,0
BRDA:290,24,0,0
BRDA:290,24,1,0
BRDA:291,25,0,0
BRDA:291,25,1,0
BRDA:308,26,0,0
BRDA:308,26,1,0
BRDA:321,27,0,0
BRDA:321,27,1,0
BRDA:332,28,0,0
BRDA:332,28,1,0
BRDA:357,29,0,0
BRDA:357,29,1,0
BRDA:357,30,0,0
BRDA:357,30,1,0
BRDA:362,31,0,0
BRDA:362,31,1,0
BRDA:365,32,0,0
BRDA:365,32,1,0
BRDA:380,33,0,0
BRDA:380,33,1,0
BRDA:393,34,0,0
BRDA:393,34,1,0
BRDA:399,35,0,0
BRDA:399,35,1,0
BRDA:402,36,0,0
BRDA:402,36,1,0
BRDA:409,37,0,0
BRDA:409,37,1,0
BRDA:409,38,0,0
BRDA:409,38,1,0
BRDA:411,39,0,0
BRDA:411,39,1,0
BRDA:444,40,0,0
BRDA:444,40,1,0
BRF:87
BRH:0
end_of_record
TN:
SF:src/utils/serviceWorkerCleanup.ts
FN:8,(anonymous_0)
FN:15,(anonymous_1)
FN:31,(anonymous_2)
FN:35,(anonymous_3)
FN:51,(anonymous_4)
FN:62,(anonymous_5)
FN:69,(anonymous_6)
FN:74,(anonymous_7)
FN:81,(anonymous_8)
FN:107,(anonymous_9)
FN:110,(anonymous_10)
FNF:11
FNH:0
FNDA:0,(anonymous_0)
FNDA:0,(anonymous_1)
FNDA:0,(anonymous_2)
FNDA:0,(anonymous_3)
FNDA:0,(anonymous_4)
FNDA:0,(anonymous_5)
FNDA:0,(anonymous_6)
FNDA:0,(anonymous_7)
FNDA:0,(anonymous_8)
FNDA:0,(anonymous_9)
FNDA:0,(anonymous_10)
DA:8,0
DA:9,0
DA:10,0
DA:12,0
DA:15,0
DA:16,0
DA:17,0
DA:20,0
DA:22,0
DA:23,0
DA:26,0
DA:31,0
DA:32,0
DA:33,0
DA:34,0
DA:35,0
DA:36,0
DA:37,0
DA:40,0
DA:42,0
DA:43,0
DA:46,0
DA:51,0
DA:52,0
DA:54,0
DA:60,0
DA:62,0
DA:63,0
DA:69,0
DA:70,0
DA:71,0
DA:74,0
DA:75,0
DA:81,0
DA:82,0
DA:83,0
DA:87,0
DA:90,0
DA:94,0
DA:96,0
DA:101,0
DA:102,0
DA:103,0
DA:105,0
DA:106,0
DA:108,0
DA:111,0
DA:115,0
LF:48
LH:0
BRDA:9,0,0,0
BRDA:9,0,1,0
BRDA:22,1,0,0
BRDA:22,1,1,0
BRDA:32,2,0,0
BRDA:32,2,1,0
BRDA:42,3,0,0
BRDA:42,3,1,0
BRDA:63,4,0,0
BRDA:63,4,1,0
BRDA:63,4,2,0
BRDA:63,4,3,0
BRDA:75,5,0,0
BRDA:75,5,1,0
BRDA:75,5,2,0
BRDA:75,5,3,0
BRDA:94,6,0,0
BRDA:94,6,1,0
BRDA:105,7,0,0
BRDA:105,7,1,0
BRF:20
BRH:0
end_of_record
TN:
SF:src/utils/storageIsolationTest.ts
FN:41,(anonymous_0)
FN:68,(anonymous_1)
FN:69,(anonymous_2)
FN:96,(anonymous_3)
FN:147,(anonymous_4)
FN:190,(anonymous_5)
FN:233,(anonymous_6)
FN:251,(anonymous_7)
FN:278,(anonymous_8)
FN:315,(anonymous_9)
FN:328,(anonymous_10)
FN:355,(anonymous_11)
FN:391,(anonymous_12)
FN:408,(anonymous_13)
FN:425,(anonymous_14)
FNF:15
FNH:0
FNDA:0,(anonymous_0)
FNDA:0,(anonymous_1)
FNDA:0,(anonymous_2)
FNDA:0,(anonymous_3)
FNDA:0,(anonymous_4)
FNDA:0,(anonymous_5)
FNDA:0,(anonymous_6)
FNDA:0,(anonymous_7)
FNDA:0,(anonymous_8)
FNDA:0,(anonymous_9)
FNDA:0,(anonymous_10)
FNDA:0,(anonymous_11)
FNDA:0,(anonymous_12)
FNDA:0,(anonymous_13)
FNDA:0,(anonymous_14)
DA:30,0
DA:42,0
DA:43,0
DA:44,0
DA:47,0
DA:50,0
DA:53,0
DA:56,0
DA:59,0
DA:62,0
DA:65,0
DA:67,0
DA:68,0
DA:69,0
DA:71,0
DA:83,0
DA:90,0
DA:97,0
DA:99,0
DA:101,0
DA:102,0
DA:105,0
DA:108,0
DA:109,0
DA:118,0
DA:125,0
DA:128,0
DA:135,0
DA:148,0
DA:150,0
DA:152,0
DA:153,0
DA:156,0
DA:163,0
DA:164,0
DA:167,0
DA:169,0
DA:178,0
DA:191,0
DA:193,0
DA:195,0
DA:196,0
DA:199,0
DA:206,0
DA:207,0
DA:210,0
DA:212,0
DA:221,0
DA:234,0
DA:236,0
DA:238,0
DA:242,0
DA:245,0
DA:248,0
DA:251,0
DA:254,0
DA:255,0
DA:257,0
DA:266,0
DA:279,0
DA:281,0
DA:283,0
DA:284,0
DA:287,0
DA:290,0
DA:291,0
DA:292,0
DA:294,0
DA:303,0
DA:316,0
DA:318,0
DA:320,0
DA:321,0
DA:322,0
DA:325,0
DA:328,0
DA:331,0
DA:332,0
DA:334,0
DA:343,0
DA:356,0
DA:358,0
DA:360,0
DA:361,0
DA:364,0
DA:367,0
DA:368,0
DA:370,0
DA:379,0
DA:392,0
DA:408,0
DA:409,0
DA:410,0
DA:411,0
DA:412,0
DA:413,0
DA:416,0
DA:417,0
DA:419,0
DA:430,0
DA:432,0
DA:433,0
DA:434,0
DA:436,0
DA:437,0
DA:439,0
DA:440,0
DA:443,0
LF:108
LH:0
BRDA:105,0,0,0
BRDA:105,0,1,0
BRDA:108,1,0,0
BRDA:108,1,1,0
BRDA:125,2,0,0
BRDA:125,2,1,0
BRDA:131,3,0,0
BRDA:131,3,1,0
BRDA:171,4,0,0
BRDA:171,4,1,0
BRDA:172,5,0,0
BRDA:172,5,1,0
BRDA:172,6,0,0
BRDA:172,6,1,0
BRDA:214,7,0,0
BRDA:214,7,1,0
BRDA:215,8,0,0
BRDA:215,8,1,0
BRDA:215,9,0,0
BRDA:215,9,1,0
BRDA:260,10,0,0
BRDA:260,10,1,0
BRDA:296,11,0,0
BRDA:296,11,1,0
BRDA:296,11,2,0
BRDA:297,12,0,0
BRDA:297,12,1,0
BRDA:297,13,0,0
BRDA:297,13,1,0
BRDA:297,13,2,0
BRDA:337,14,0,0
BRDA:337,14,1,0
BRDA:373,15,0,0
BRDA:373,15,1,0
BRDA:396,16,0,0
BRDA:396,16,1,0
BRDA:410,17,0,0
BRDA:410,17,1,0
BRDA:433,18,0,0
BRDA:433,18,1,0
BRDA:436,19,0,0
BRDA:436,19,1,0
BRDA:439,20,0,0
BRDA:439,20,1,0
BRDA:439,21,0,0
BRDA:439,21,1,0
BRF:46
BRH:0
end_of_record
TN:
SF:src/utils/supabaseQuery.ts
FN:17,(anonymous_0)
FN:25,(anonymous_1)
FN:53,(anonymous_2)
FN:59,(anonymous_3)
FN:73,(anonymous_4)
FN:81,(anonymous_5)
FNF:6
FNH:0
FNDA:0,(anonymous_0)
FNDA:0,(anonymous_1)
FNDA:0,(anonymous_2)
FNDA:0,(anonymous_3)
FNDA:0,(anonymous_4)
FNDA:0,(anonymous_5)
DA:5,0
DA:17,0
DA:22,0
DA:23,0
DA:25,0
DA:26,0
DA:27,0
DA:30,0
DA:32,0
DA:33,0
DA:34,0
DA:35,0
DA:36,0
DA:38,0
DA:39,0
DA:40,0
DA:41,0
DA:43,0
DA:44,0
DA:46,0
DA:53,0
DA:58,0
DA:60,0
DA:61,0
DA:63,0
DA:73,0
DA:77,0
DA:79,0
DA:80,0
DA:83,0
DA:89,0
DA:90,0
DA:92,0
DA:98,0
DA:103,0
LF:35
LH:0
BRDA:19,0,0,0
BRDA:20,1,0,0
BRDA:39,2,0,0
BRDA:39,2,1,0
BRDA:55,3,0,0
BRDA:56,4,0,0
BRDA:60,5,0,0
BRDA:60,5,1,0
BRDA:75,6,0,0
BRDA:89,7,0,0
BRDA:89,7,1,0
BRDA:89,8,0,0
BRDA:89,8,1,0
BRF:13
BRH:0
end_of_record
